\BOOKMARK [0][-]{chapter.1}{Data, signals and backgrounds}{}% 1
\BOOKMARK [1][-]{section.1.1}{The Monte Carlo \(MC\) simulation method}{chapter.1}% 2
\BOOKMARK [1][-]{section.1.2}{Files format}{chapter.1}% 3
\BOOKMARK [1][-]{section.1.3}{Data samples}{chapter.1}% 4
\BOOKMARK [1][-]{section.1.4}{Signal samples}{chapter.1}% 5
\BOOKMARK [1][-]{section.1.5}{Background prediction}{chapter.1}% 6
\BOOKMARK [2][-]{subsection.1.5.1}{The main background: t }{section.1.5}% 7
\BOOKMARK [2][-]{subsection.1.5.2}{Drell-Yan estimation}{section.1.5}% 8
\BOOKMARK [2][-]{subsection.1.5.3}{Non prompt contamination}{section.1.5}% 9
\BOOKMARK [2][-]{subsection.1.5.4}{Smaller backgrounds}{section.1.5}% 10
\BOOKMARK [2][-]{subsection.1.5.5}{Weights and corrections applied}{section.1.5}% 11
\BOOKMARK [0][-]{chapter.2}{Event selection}{}% 12
\BOOKMARK [1][-]{section.2.1}{Signal regions}{chapter.2}% 13
\BOOKMARK [1][-]{section.2.2}{Control regions}{chapter.2}% 14
\BOOKMARK [1][-]{section.2.3}{Background-signal discrimination}{chapter.2}% 15
\BOOKMARK [2][-]{subsection.2.3.1}{Discriminating variables}{section.2.3}% 16
\BOOKMARK [2][-]{subsection.2.3.2}{Neural network}{section.2.3}% 17
\BOOKMARK [0][-]{chapter.3}{Results and interpretations}{}% 18
\BOOKMARK [1][-]{section.3.1}{Systematics and uncertainties}{chapter.3}% 19
\BOOKMARK [1][-]{section.3.2}{Results}{chapter.3}% 20
\BOOKMARK [0][-]{chapter.4}{Conclusions}{}% 21
\BOOKMARK [1][-]{section.4.1}{Future prospects}{chapter.4}% 22
\BOOKMARK [0][-]{section*.25}{Appendices}{}% 23
\BOOKMARK [0][-]{chapter*.27}{Bibliography}{}% 24
