This is pdfTeX, Version 3.14159265-2.6-1.40.18 (TeX Live 2017/Debian) (preloaded format=pdflatex 2020.1.11)  2 APR 2020 17:10
entering extended mode
 restricted \write18 enabled.
 %&-line parsing enabled.
**thesis_prieels.tex
(./thesis_prieels.tex
LaTeX2e <2017-04-15>
Babel <3.18> and hyphenation patterns for 5 language(s) loaded.
(/usr/share/texlive/texmf-dist/tex/latex/base/report.cls
Document Class: report 2014/09/29 v1.4h Standard LaTeX document class
(/usr/share/texlive/texmf-dist/tex/latex/base/size10.clo
File: size10.clo 2014/09/29 v1.4h Standard LaTeX file (size option)
)
\c@part=\count79
\c@chapter=\count80
\c@section=\count81
\c@subsection=\count82
\c@subsubsection=\count83
\c@paragraph=\count84
\c@subparagraph=\count85
\c@figure=\count86
\c@table=\count87
\abovecaptionskip=\skip41
\belowcaptionskip=\skip42
\bibindent=\dimen102
)
(/usr/share/texlive/texmf-dist/tex/latex/geometry/geometry.sty
Package: geometry 2010/09/12 v5.6 Page Geometry

(/usr/share/texlive/texmf-dist/tex/latex/graphics/keyval.sty
Package: keyval 2014/10/28 v1.15 key=value parser (DPC)
\KV@toks@=\toks14
)
(/usr/share/texlive/texmf-dist/tex/generic/oberdiek/ifpdf.sty
Package: ifpdf 2017/03/15 v3.2 Provides the ifpdf switch
)
(/usr/share/texlive/texmf-dist/tex/generic/oberdiek/ifvtex.sty
Package: ifvtex 2016/05/16 v1.6 Detect VTeX and its facilities (HO)
Package ifvtex Info: VTeX not detected.
)
(/usr/share/texlive/texmf-dist/tex/generic/ifxetex/ifxetex.sty
Package: ifxetex 2010/09/12 v0.6 Provides ifxetex conditional
)
\Gm@cnth=\count88
\Gm@cntv=\count89
\c@Gm@tempcnt=\count90
\Gm@bindingoffset=\dimen103
\Gm@wd@mp=\dimen104
\Gm@odd@mp=\dimen105
\Gm@even@mp=\dimen106
\Gm@layoutwidth=\dimen107
\Gm@layoutheight=\dimen108
\Gm@layouthoffset=\dimen109
\Gm@layoutvoffset=\dimen110
\Gm@dimlist=\toks15
)
(/usr/share/texlive/texmf-dist/tex/latex/graphics/graphicx.sty
Package: graphicx 2017/06/01 v1.1a Enhanced LaTeX Graphics (DPC,SPQR)

(/usr/share/texlive/texmf-dist/tex/latex/graphics/graphics.sty
Package: graphics 2017/06/25 v1.2c Standard LaTeX Graphics (DPC,SPQR)

(/usr/share/texlive/texmf-dist/tex/latex/graphics/trig.sty
Package: trig 2016/01/03 v1.10 sin cos tan (DPC)
)
(/usr/share/texlive/texmf-dist/tex/latex/graphics-cfg/graphics.cfg
File: graphics.cfg 2016/06/04 v1.11 sample graphics configuration
)
Package graphics Info: Driver file: pdftex.def on input line 99.

(/usr/share/texlive/texmf-dist/tex/latex/graphics-def/pdftex.def
File: pdftex.def 2018/01/08 v1.0l Graphics/color driver for pdftex
))
\Gin@req@height=\dimen111
\Gin@req@width=\dimen112
)
(/usr/share/texlive/texmf-dist/tex/latex/booktabs/booktabs.sty
Package: booktabs 2016/04/27 v1.618033 publication quality tables
\heavyrulewidth=\dimen113
\lightrulewidth=\dimen114
\cmidrulewidth=\dimen115
\belowrulesep=\dimen116
\belowbottomsep=\dimen117
\aboverulesep=\dimen118
\abovetopsep=\dimen119
\cmidrulesep=\dimen120
\cmidrulekern=\dimen121
\defaultaddspace=\dimen122
\@cmidla=\count91
\@cmidlb=\count92
\@aboverulesep=\dimen123
\@belowrulesep=\dimen124
\@thisruleclass=\count93
\@lastruleclass=\count94
\@thisrulewidth=\dimen125
)
(/usr/share/texlive/texmf-dist/tex/latex/url/url.sty
\Urlmuskip=\muskip10
Package: url 2013/09/16  ver 3.4  Verb mode for urls, etc.
)
(/usr/share/texlive/texmf-dist/tex/generic/babel/babel.sty
Package: babel 2018/02/14 3.18 The Babel package

(/usr/share/texlive/texmf-dist/tex/generic/babel/switch.def
File: switch.def 2018/02/14 3.18 Babel switching mechanism
)
(/usr/share/texlive/texmf-dist/tex/generic/babel-english/english.ldf
Language: english 2017/06/06 v3.3r English support from the babel system

(/usr/share/texlive/texmf-dist/tex/generic/babel/babel.def
File: babel.def 2018/02/14 3.18 Babel common definitions
\babel@savecnt=\count95
\U@D=\dimen126

(/usr/share/texlive/texmf-dist/tex/generic/babel/txtbabel.def)
\bbl@dirlevel=\count96
)
\l@canadian = a dialect from \language\l@american 
\l@australian = a dialect from \language\l@british 
\l@newzealand = a dialect from \language\l@british 
))
(/usr/share/texlive/texmf-dist/tex/latex/base/inputenc.sty
Package: inputenc 2015/03/17 v1.2c Input encoding file
\inpenc@prehook=\toks16
\inpenc@posthook=\toks17

(/usr/share/texlive/texmf-dist/tex/latex/base/latin1.def
File: latin1.def 2015/03/17 v1.2c Input encoding file
))
(/usr/share/texlive/texmf-dist/tex/latex/hyperref/hyperref.sty
Package: hyperref 2018/02/06 v6.86b Hypertext links for LaTeX

(/usr/share/texlive/texmf-dist/tex/generic/oberdiek/hobsub-hyperref.sty
Package: hobsub-hyperref 2016/05/16 v1.14 Bundle oberdiek, subset hyperref (HO)


(/usr/share/texlive/texmf-dist/tex/generic/oberdiek/hobsub-generic.sty
Package: hobsub-generic 2016/05/16 v1.14 Bundle oberdiek, subset generic (HO)
Package: hobsub 2016/05/16 v1.14 Construct package bundles (HO)
Package: infwarerr 2016/05/16 v1.4 Providing info/warning/error messages (HO)
Package: ltxcmds 2016/05/16 v1.23 LaTeX kernel commands for general use (HO)
Package: ifluatex 2016/05/16 v1.4 Provides the ifluatex switch (HO)
Package ifluatex Info: LuaTeX not detected.
Package hobsub Info: Skipping package `ifvtex' (already loaded).
Package: intcalc 2016/05/16 v1.2 Expandable calculations with integers (HO)
Package hobsub Info: Skipping package `ifpdf' (already loaded).
Package: etexcmds 2016/05/16 v1.6 Avoid name clashes with e-TeX commands (HO)
Package etexcmds Info: Could not find \expanded.
(etexcmds)             That can mean that you are not using pdfTeX 1.50 or
(etexcmds)             that some package has redefined \expanded.
(etexcmds)             In the latter case, load this package earlier.
Package: kvsetkeys 2016/05/16 v1.17 Key value parser (HO)
Package: kvdefinekeys 2016/05/16 v1.4 Define keys (HO)
Package: pdftexcmds 2018/01/21 v0.26 Utility functions of pdfTeX for LuaTeX (HO
)
Package pdftexcmds Info: LuaTeX not detected.
Package pdftexcmds Info: \pdf@primitive is available.
Package pdftexcmds Info: \pdf@ifprimitive is available.
Package pdftexcmds Info: \pdfdraftmode found.
Package: pdfescape 2016/05/16 v1.14 Implements pdfTeX's escape features (HO)
Package: bigintcalc 2016/05/16 v1.4 Expandable calculations on big integers (HO
)
Package: bitset 2016/05/16 v1.2 Handle bit-vector datatype (HO)
Package: uniquecounter 2016/05/16 v1.3 Provide unlimited unique counter (HO)
)
Package hobsub Info: Skipping package `hobsub' (already loaded).
Package: letltxmacro 2016/05/16 v1.5 Let assignment for LaTeX macros (HO)
Package: hopatch 2016/05/16 v1.3 Wrapper for package hooks (HO)
Package: xcolor-patch 2016/05/16 xcolor patch
Package: atveryend 2016/05/16 v1.9 Hooks at the very end of document (HO)
Package atveryend Info: \enddocument detected (standard20110627).
Package: atbegshi 2016/06/09 v1.18 At begin shipout hook (HO)
Package: refcount 2016/05/16 v3.5 Data extraction from label references (HO)
Package: hycolor 2016/05/16 v1.8 Color options for hyperref/bookmark (HO)
)
(/usr/share/texlive/texmf-dist/tex/latex/oberdiek/auxhook.sty
Package: auxhook 2016/05/16 v1.4 Hooks for auxiliary files (HO)
)
(/usr/share/texlive/texmf-dist/tex/latex/oberdiek/kvoptions.sty
Package: kvoptions 2016/05/16 v3.12 Key value format for package options (HO)
)
\@linkdim=\dimen127
\Hy@linkcounter=\count97
\Hy@pagecounter=\count98

(/usr/share/texlive/texmf-dist/tex/latex/hyperref/pd1enc.def
File: pd1enc.def 2018/02/06 v6.86b Hyperref: PDFDocEncoding definition (HO)
)
\Hy@SavedSpaceFactor=\count99

(/usr/share/texlive/texmf-dist/tex/latex/latexconfig/hyperref.cfg
File: hyperref.cfg 2002/06/06 v1.2 hyperref configuration of TeXLive
)
Package hyperref Info: Hyper figures OFF on input line 4509.
Package hyperref Info: Link nesting OFF on input line 4514.
Package hyperref Info: Hyper index ON on input line 4517.
Package hyperref Info: Plain pages OFF on input line 4524.
Package hyperref Info: Backreferencing OFF on input line 4529.
Package hyperref Info: Implicit mode ON; LaTeX internals redefined.
Package hyperref Info: Bookmarks ON on input line 4762.
\c@Hy@tempcnt=\count100
LaTeX Info: Redefining \url on input line 5115.
\XeTeXLinkMargin=\dimen128
\Fld@menulength=\count101
\Field@Width=\dimen129
\Fld@charsize=\dimen130
Package hyperref Info: Hyper figures OFF on input line 6369.
Package hyperref Info: Link nesting OFF on input line 6374.
Package hyperref Info: Hyper index ON on input line 6377.
Package hyperref Info: backreferencing OFF on input line 6384.
Package hyperref Info: Link coloring OFF on input line 6389.
Package hyperref Info: Link coloring with OCG OFF on input line 6394.
Package hyperref Info: PDF/A mode OFF on input line 6399.
LaTeX Info: Redefining \ref on input line 6439.
LaTeX Info: Redefining \pageref on input line 6443.
\Hy@abspage=\count102
\c@Item=\count103
\c@Hfootnote=\count104
)
Package hyperref Info: Driver (autodetected): hpdftex.

(/usr/share/texlive/texmf-dist/tex/latex/hyperref/hpdftex.def
File: hpdftex.def 2018/02/06 v6.86b Hyperref driver for pdfTeX
\Fld@listcount=\count105
\c@bookmark@seq@number=\count106

(/usr/share/texlive/texmf-dist/tex/latex/oberdiek/rerunfilecheck.sty
Package: rerunfilecheck 2016/05/16 v1.8 Rerun checks for auxiliary files (HO)
Package uniquecounter Info: New unique counter `rerunfilecheck' on input line 2
82.
)
\Hy@SectionHShift=\skip43
)
Package hyperref Info: Option `colorlinks' set `true' on input line 26.

(/usr/share/texlive/texmf-dist/tex/latex/mdwtools/mathenv.sty
Package: mathenv 1998/04/28 1.9 Various maths environments

(/usr/share/texlive/texmf-dist/tex/latex/mdwtools/mdwtab.sty
Package: mdwtab 1998/04/28 1.9 Table typesetting with style
\tab@state=\count107
\tab@columns=\count108
\tab@preamble=\toks18
\tab@shortline=\toks19
\extrarowheight=\dimen131
\tabextrasep=\dimen132
\arrayextrasep=\dimen133
\smarraycolsep=\dimen134
\smarrayextrasep=\dimen135
\tab@width=\dimen136
\col@sep=\dimen137
\tab@endheight=\dimen138
\tab@leftskip=\skip44
\tab@rightskip=\skip45
\fn@notes=\box26
\fn@width=\dimen139
)
\eqaopenskip=\skip46
\eqacloseskip=\skip47
\eqacolskip=\skip48
\eqainskip=\skip49
\splitleft=\skip50
\splitright=\skip51
)
(/usr/share/texlive/texmf-dist/tex/latex/amsmath/amsmath.sty
Package: amsmath 2017/09/02 v2.17a AMS math features
\@mathmargin=\skip52

For additional information on amsmath, use the `?' option.
(/usr/share/texlive/texmf-dist/tex/latex/amsmath/amstext.sty
Package: amstext 2000/06/29 v2.01 AMS text

(/usr/share/texlive/texmf-dist/tex/latex/amsmath/amsgen.sty
File: amsgen.sty 1999/11/30 v2.0 generic functions
\@emptytoks=\toks20
\ex@=\dimen140
))
(/usr/share/texlive/texmf-dist/tex/latex/amsmath/amsbsy.sty
Package: amsbsy 1999/11/29 v1.2d Bold Symbols
\pmbraise@=\dimen141
)
(/usr/share/texlive/texmf-dist/tex/latex/amsmath/amsopn.sty
Package: amsopn 2016/03/08 v2.02 operator names
)
\inf@bad=\count109
LaTeX Info: Redefining \frac on input line 213.
\uproot@=\count110
\leftroot@=\count111
LaTeX Info: Redefining \overline on input line 375.
\classnum@=\count112
\DOTSCASE@=\count113
LaTeX Info: Redefining \ldots on input line 472.
LaTeX Info: Redefining \dots on input line 475.
LaTeX Info: Redefining \cdots on input line 596.
\Mathstrutbox@=\box27
\strutbox@=\box28
\big@size=\dimen142
LaTeX Font Info:    Redeclaring font encoding OML on input line 712.
LaTeX Font Info:    Redeclaring font encoding OMS on input line 713.
\macc@depth=\count114
\c@MaxMatrixCols=\count115
\dotsspace@=\muskip11
\c@parentequation=\count116
\dspbrk@lvl=\count117
\tag@help=\toks21
\row@=\count118
\column@=\count119
\maxfields@=\count120
\andhelp@=\toks22
\eqnshift@=\dimen143
\alignsep@=\dimen144
\tagshift@=\dimen145
\tagwidth@=\dimen146
\totwidth@=\dimen147
\lineht@=\dimen148
\@envbody=\toks23
\multlinegap=\skip53
\multlinetaggap=\skip54
\mathdisplay@stack=\toks24
LaTeX Info: Redefining \[ on input line 2817.
LaTeX Info: Redefining \] on input line 2818.
)
(/usr/share/texlive/texmf-dist/tex/latex/mathtools/mathtools.sty
Package: mathtools 2018/01/08 v1.21 mathematical typesetting tools

(/usr/share/texlive/texmf-dist/tex/latex/tools/calc.sty
Package: calc 2014/10/28 v4.3 Infix arithmetic (KKT,FJ)
\calc@Acount=\count121
\calc@Bcount=\count122
\calc@Adimen=\dimen149
\calc@Bdimen=\dimen150
\calc@Askip=\skip55
\calc@Bskip=\skip56
LaTeX Info: Redefining \setlength on input line 80.
LaTeX Info: Redefining \addtolength on input line 81.
\calc@Ccount=\count123
\calc@Cskip=\skip57
)
(/usr/share/texlive/texmf-dist/tex/latex/mathtools/mhsetup.sty
Package: mhsetup 2017/03/31 v1.3 programming setup (MH)
)
LaTeX Info: Thecontrolsequence`\('isalreadyrobust on input line 129.
LaTeX Info: Thecontrolsequence`\)'isalreadyrobust on input line 129.
LaTeX Info: Thecontrolsequence`\['isalreadyrobust on input line 129.
LaTeX Info: Thecontrolsequence`\]'isalreadyrobust on input line 129.
\g_MT_multlinerow_int=\count124
\l_MT_multwidth_dim=\dimen151
\origjot=\skip58
\l_MT_shortvdotswithinadjustabove_dim=\dimen152
\l_MT_shortvdotswithinadjustbelow_dim=\dimen153
\l_MT_above_intertext_sep=\dimen154
\l_MT_below_intertext_sep=\dimen155
\l_MT_above_shortintertext_sep=\dimen156
\l_MT_below_shortintertext_sep=\dimen157
)
(/usr/share/texlive/texmf-dist/tex/latex/graphics/color.sty
Package: color 2016/07/10 v1.1e Standard LaTeX Color (DPC)

(/usr/share/texlive/texmf-dist/tex/latex/graphics-cfg/color.cfg
File: color.cfg 2016/01/02 v1.6 sample color configuration
)
Package color Info: Driver file: pdftex.def on input line 147.
)
(/usr/share/texlive/texmf-dist/tex/latex/caption/caption.sty
Package: caption 2016/02/21 v3.3-144 Customizing captions (AR)

(/usr/share/texlive/texmf-dist/tex/latex/caption/caption3.sty
Package: caption3 2016/05/22 v1.7-166 caption3 kernel (AR)
Package caption3 Info: TeX engine: e-TeX on input line 67.
\captionmargin=\dimen158
\captionmargin@=\dimen159
\captionwidth=\dimen160
\caption@tempdima=\dimen161
\caption@indent=\dimen162
\caption@parindent=\dimen163
\caption@hangindent=\dimen164
)
\c@ContinuedFloat=\count125
Package caption Info: hyperref package is loaded.
)
(/usr/share/texlive/texmf-dist/tex/latex/footmisc/footmisc.sty
Package: footmisc 2011/06/06 v5.5b a miscellany of footnote facilities
\FN@temptoken=\toks25
\footnotemargin=\dimen165
\c@pp@next@reset=\count126
Package footmisc Info: Declaring symbol style bringhurst on input line 855.
Package footmisc Info: Declaring symbol style chicago on input line 863.
Package footmisc Info: Declaring symbol style wiley on input line 872.
Package footmisc Info: Declaring symbol style lamport-robust on input line 883.

Package footmisc Info: Declaring symbol style lamport* on input line 903.
Package footmisc Info: Declaring symbol style lamport*-robust on input line 924
.
)
(/usr/share/texlive/texmf-dist/tex/latex/cancel/cancel.sty
Package: cancel 2013/04/12 v2.2 Cancel math terms
)
(/usr/share/texlive/texmf-dist/tex/latex/multirow/multirow.sty
Package: multirow 2016/11/25 v2.2 Span multiple rows of a table
\multirow@colwidth=\skip59
\multirow@cntb=\count127
\multirow@dima=\skip60
\bigstrutjot=\dimen166
)
(/usr/share/texlive/texmf-dist/tex/latex/appendix/appendix.sty
Package: appendix 2009/09/02 v1.2b extra appendix facilities
\c@@pps=\count128
\c@@ppsavesec=\count129
\c@@ppsaveapp=\count130
)
(/usr/share/texlive/texmf-dist/tex/latex/acronym/acronym.sty
Package: acronym 2015/03/21 v1.41 Support for acronyms (Tobias Oetiker)

(/usr/share/texlive/texmf-dist/tex/latex/bigfoot/suffix.sty
Package: suffix 2006/07/15 1.5a Variant command support
)
(/usr/share/texlive/texmf-dist/tex/generic/xstring/xstring.sty
(/usr/share/texlive/texmf-dist/tex/generic/xstring/xstring.tex
\@xs@message=\write3
\integerpart=\count131
\decimalpart=\count132
)
Package: xstring 2013/10/13  v1.7c  String manipulations (C Tellechea)
)
\AC@clearlist=\toks26
)
(/usr/share/texlive/texmf-dist/tex/latex/setspace/setspace.sty
Package: setspace 2011/12/19 v6.7a set line spacing
)
(/usr/share/texlive/texmf-dist/tex/latex/fancyhdr/fancyhdr.sty
Package: fancyhdr 2017/06/30 v3.9a Extensive control of page headers and footer
s
\f@nch@headwidth=\skip61
\f@nch@O@elh=\skip62
\f@nch@O@erh=\skip63
\f@nch@O@olh=\skip64
\f@nch@O@orh=\skip65
\f@nch@O@elf=\skip66
\f@nch@O@erf=\skip67
\f@nch@O@olf=\skip68
\f@nch@O@orf=\skip69
)
(/usr/share/texlive/texmf-dist/tex/latex/titlesec/titlesec.sty
Package: titlesec 2016/03/21 v2.10.2 Sectioning titles
\ttl@box=\box29
\beforetitleunit=\skip70
\aftertitleunit=\skip71
\ttl@plus=\dimen167
\ttl@minus=\dimen168
\ttl@toksa=\toks27
\titlewidth=\dimen169
\titlewidthlast=\dimen170
\titlewidthfirst=\dimen171
)
(/usr/share/texlive/texmf-dist/tex/latex/was/gensymb.sty
Package: gensymb 2003/07/02 v1.0 (WaS)
)
(/usr/share/texlive/texmf-dist/tex/latex/emptypage/emptypage.sty
Package: emptypage 2010/05/30 v1.2 Suppress page numbers and headings on empty 
pages
)
(/usr/share/texlive/texmf-dist/tex/latex/subfigure/subfigure.sty
Package: subfigure 2002/03/15 v2.1.5 subfigure package
\subfigtopskip=\skip72
\subfigcapskip=\skip73
\subfigcaptopadj=\dimen172
\subfigbottomskip=\skip74
\subfigcapmargin=\dimen173
\subfiglabelskip=\skip75
\c@subfigure=\count133
\c@lofdepth=\count134
\c@subtable=\count135
\c@lotdepth=\count136

****************************************
* Local config file subfigure.cfg used *
****************************************
(/usr/share/texlive/texmf-dist/tex/latex/subfigure/subfigure.cfg)
\subfig@top=\skip76
\subfig@bottom=\skip77
)
(/usr/share/texlive/texmf-dist/tex/latex/float/float.sty
Package: float 2001/11/08 v1.3d Float enhancements (AL)
\c@float@type=\count137
\float@exts=\toks28
\float@box=\box30
\@float@everytoks=\toks29
\@floatcapt=\box31
)
(/usr/share/texlive/texmf-dist/tex/latex/xcolor/xcolor.sty
Package: xcolor 2016/05/11 v2.12 LaTeX color extensions (UK)

(/usr/share/texlive/texmf-dist/tex/latex/graphics-cfg/color.cfg
File: color.cfg 2016/01/02 v1.6 sample color configuration
)
Package xcolor Info: Driver file: pdftex.def on input line 225.
LaTeX Info: Redefining \color on input line 709.
Package xcolor Info: Model `cmy' substituted by `cmy0' on input line 1348.
Package xcolor Info: Model `hsb' substituted by `rgb' on input line 1352.
Package xcolor Info: Model `RGB' extended on input line 1364.
Package xcolor Info: Model `HTML' substituted by `rgb' on input line 1366.
Package xcolor Info: Model `Hsb' substituted by `hsb' on input line 1367.
Package xcolor Info: Model `tHsb' substituted by `hsb' on input line 1368.
Package xcolor Info: Model `HSB' substituted by `hsb' on input line 1369.
Package xcolor Info: Model `Gray' substituted by `gray' on input line 1370.
Package xcolor Info: Model `wave' substituted by `hsb' on input line 1371.
)
(/usr/share/texlive/texmf-dist/tex/latex/tools/multicol.sty
Package: multicol 2017/04/11 v1.8q multicolumn formatting (FMi)
\c@tracingmulticols=\count138
\mult@box=\box32
\multicol@leftmargin=\dimen174
\c@unbalance=\count139
\c@collectmore=\count140
\doublecol@number=\count141
\multicoltolerance=\count142
\multicolpretolerance=\count143
\full@width=\dimen175
\page@free=\dimen176
\premulticols=\dimen177
\postmulticols=\dimen178
\multicolsep=\skip78
\multicolbaselineskip=\skip79
\partial@page=\box33
\last@line=\box34
\maxbalancingoverflow=\dimen179
\mult@rightbox=\box35
\mult@grightbox=\box36
\mult@gfirstbox=\box37
\mult@firstbox=\box38
\@tempa=\box39
\@tempa=\box40
\@tempa=\box41
\@tempa=\box42
\@tempa=\box43
\@tempa=\box44
\@tempa=\box45
\@tempa=\box46
\@tempa=\box47
\@tempa=\box48
\@tempa=\box49
\@tempa=\box50
\@tempa=\box51
\@tempa=\box52
\@tempa=\box53
\@tempa=\box54
\@tempa=\box55
\c@columnbadness=\count144
\c@finalcolumnbadness=\count145
\last@try=\dimen180
\multicolovershoot=\dimen181
\multicolundershoot=\dimen182
\mult@nat@firstbox=\box56
\colbreak@box=\box57
\mc@col@check@num=\count146
)
(/usr/share/texlive/texmf-dist/tex/latex/makecell/makecell.sty
Package: makecell 2009/08/03 V0.1e Managing of Tab Column Heads and Cells
\rotheadsize=\dimen183
\c@nlinenum=\count147
\TeXr@lab=\toks30
)
(/usr/share/texlive/texmf-dist/tex/latex/subfiles/subfiles.sty
Package: subfiles 2012/05/23 Federico Garcia

(/usr/share/texlive/texmf-dist/tex/latex/tools/verbatim.sty
Package: verbatim 2014/10/28 v1.5q LaTeX2e package for verbatim enhancements
\every@verbatim=\toks31
\verbatim@line=\toks32
\verbatim@in@stream=\read1
))
(/usr/share/texlive/texmf-dist/tex/latex/tools/bm.sty
Package: bm 2017/01/16 v1.2c Bold Symbol Support (DPC/FMi)
\symboldoperators=\mathgroup4
\symboldletters=\mathgroup5
\symboldsymbols=\mathgroup6
LaTeX Font Info:    Redeclaring math alphabet \mathbf on input line 141.
LaTeX Info: Redefining \bm on input line 207.
)
(/usr/share/texlive/texmf-dist/tex/latex/tikz-feynman/tikz-feynman.sty
Package: tikz-feynman 2016/02/05v1.1.0Feynman diagrams with TikZ

(/usr/share/texlive/texmf-dist/tex/latex/pgf/frontendlayer/tikz.sty
(/usr/share/texlive/texmf-dist/tex/latex/pgf/basiclayer/pgf.sty
(/usr/share/texlive/texmf-dist/tex/latex/pgf/utilities/pgfrcs.sty
(/usr/share/texlive/texmf-dist/tex/generic/pgf/utilities/pgfutil-common.tex
\pgfutil@everybye=\toks33
\pgfutil@tempdima=\dimen184
\pgfutil@tempdimb=\dimen185

(/usr/share/texlive/texmf-dist/tex/generic/pgf/utilities/pgfutil-common-lists.t
ex)) (/usr/share/texlive/texmf-dist/tex/generic/pgf/utilities/pgfutil-latex.def
\pgfutil@abb=\box58
(/usr/share/texlive/texmf-dist/tex/latex/ms/everyshi.sty
Package: everyshi 2001/05/15 v3.00 EveryShipout Package (MS)
))
(/usr/share/texlive/texmf-dist/tex/generic/pgf/utilities/pgfrcs.code.tex
Package: pgfrcs 2015/08/07 v3.0.1a (rcs-revision 1.31)
))
Package: pgf 2015/08/07 v3.0.1a (rcs-revision 1.15)

(/usr/share/texlive/texmf-dist/tex/latex/pgf/basiclayer/pgfcore.sty
(/usr/share/texlive/texmf-dist/tex/latex/pgf/systemlayer/pgfsys.sty
(/usr/share/texlive/texmf-dist/tex/generic/pgf/systemlayer/pgfsys.code.tex
Package: pgfsys 2014/07/09 v3.0.1a (rcs-revision 1.48)

(/usr/share/texlive/texmf-dist/tex/generic/pgf/utilities/pgfkeys.code.tex
\pgfkeys@pathtoks=\toks34
\pgfkeys@temptoks=\toks35

(/usr/share/texlive/texmf-dist/tex/generic/pgf/utilities/pgfkeysfiltered.code.t
ex
\pgfkeys@tmptoks=\toks36
))
\pgf@x=\dimen186
\pgf@y=\dimen187
\pgf@xa=\dimen188
\pgf@ya=\dimen189
\pgf@xb=\dimen190
\pgf@yb=\dimen191
\pgf@xc=\dimen192
\pgf@yc=\dimen193
\w@pgf@writea=\write4
\r@pgf@reada=\read2
\c@pgf@counta=\count148
\c@pgf@countb=\count149
\c@pgf@countc=\count150
\c@pgf@countd=\count151
\t@pgf@toka=\toks37
\t@pgf@tokb=\toks38
\t@pgf@tokc=\toks39
 (/usr/share/texlive/texmf-dist/tex/generic/pgf/systemlayer/pgf.cfg
File: pgf.cfg 2008/05/14  (rcs-revision 1.7)
)
Driver file for pgf: pgfsys-pdftex.def

(/usr/share/texlive/texmf-dist/tex/generic/pgf/systemlayer/pgfsys-pdftex.def
File: pgfsys-pdftex.def 2014/10/11  (rcs-revision 1.35)

(/usr/share/texlive/texmf-dist/tex/generic/pgf/systemlayer/pgfsys-common-pdf.de
f
File: pgfsys-common-pdf.def 2013/10/10  (rcs-revision 1.13)
)))
(/usr/share/texlive/texmf-dist/tex/generic/pgf/systemlayer/pgfsyssoftpath.code.
tex
File: pgfsyssoftpath.code.tex 2013/09/09  (rcs-revision 1.9)
\pgfsyssoftpath@smallbuffer@items=\count152
\pgfsyssoftpath@bigbuffer@items=\count153
)
(/usr/share/texlive/texmf-dist/tex/generic/pgf/systemlayer/pgfsysprotocol.code.
tex
File: pgfsysprotocol.code.tex 2006/10/16  (rcs-revision 1.4)
))
(/usr/share/texlive/texmf-dist/tex/generic/pgf/basiclayer/pgfcore.code.tex
Package: pgfcore 2010/04/11 v3.0.1a (rcs-revision 1.7)

(/usr/share/texlive/texmf-dist/tex/generic/pgf/math/pgfmath.code.tex
(/usr/share/texlive/texmf-dist/tex/generic/pgf/math/pgfmathcalc.code.tex
(/usr/share/texlive/texmf-dist/tex/generic/pgf/math/pgfmathutil.code.tex)
(/usr/share/texlive/texmf-dist/tex/generic/pgf/math/pgfmathparser.code.tex
\pgfmath@dimen=\dimen194
\pgfmath@count=\count154
\pgfmath@box=\box59
\pgfmath@toks=\toks40
\pgfmath@stack@operand=\toks41
\pgfmath@stack@operation=\toks42
)
(/usr/share/texlive/texmf-dist/tex/generic/pgf/math/pgfmathfunctions.code.tex
(/usr/share/texlive/texmf-dist/tex/generic/pgf/math/pgfmathfunctions.basic.code
.tex)
(/usr/share/texlive/texmf-dist/tex/generic/pgf/math/pgfmathfunctions.trigonomet
ric.code.tex)
(/usr/share/texlive/texmf-dist/tex/generic/pgf/math/pgfmathfunctions.random.cod
e.tex)
(/usr/share/texlive/texmf-dist/tex/generic/pgf/math/pgfmathfunctions.comparison
.code.tex)
(/usr/share/texlive/texmf-dist/tex/generic/pgf/math/pgfmathfunctions.base.code.
tex)
(/usr/share/texlive/texmf-dist/tex/generic/pgf/math/pgfmathfunctions.round.code
.tex)
(/usr/share/texlive/texmf-dist/tex/generic/pgf/math/pgfmathfunctions.misc.code.
tex)
(/usr/share/texlive/texmf-dist/tex/generic/pgf/math/pgfmathfunctions.integerari
thmetics.code.tex)))
(/usr/share/texlive/texmf-dist/tex/generic/pgf/math/pgfmathfloat.code.tex
\c@pgfmathroundto@lastzeros=\count155
))
(/usr/share/texlive/texmf-dist/tex/generic/pgf/basiclayer/pgfcorepoints.code.te
x
File: pgfcorepoints.code.tex 2013/10/07  (rcs-revision 1.27)
\pgf@picminx=\dimen195
\pgf@picmaxx=\dimen196
\pgf@picminy=\dimen197
\pgf@picmaxy=\dimen198
\pgf@pathminx=\dimen199
\pgf@pathmaxx=\dimen256
\pgf@pathminy=\dimen257
\pgf@pathmaxy=\dimen258
\pgf@xx=\dimen259
\pgf@xy=\dimen260
\pgf@yx=\dimen261
\pgf@yy=\dimen262
\pgf@zx=\dimen263
\pgf@zy=\dimen264
)
(/usr/share/texlive/texmf-dist/tex/generic/pgf/basiclayer/pgfcorepathconstruct.
code.tex
File: pgfcorepathconstruct.code.tex 2013/10/07  (rcs-revision 1.29)
\pgf@path@lastx=\dimen265
\pgf@path@lasty=\dimen266
)
(/usr/share/texlive/texmf-dist/tex/generic/pgf/basiclayer/pgfcorepathusage.code
.tex
File: pgfcorepathusage.code.tex 2014/11/02  (rcs-revision 1.24)
\pgf@shorten@end@additional=\dimen267
\pgf@shorten@start@additional=\dimen268
)
(/usr/share/texlive/texmf-dist/tex/generic/pgf/basiclayer/pgfcorescopes.code.te
x
File: pgfcorescopes.code.tex 2015/05/08  (rcs-revision 1.46)
\pgfpic=\box60
\pgf@hbox=\box61
\pgf@layerbox@main=\box62
\pgf@picture@serial@count=\count156
)
(/usr/share/texlive/texmf-dist/tex/generic/pgf/basiclayer/pgfcoregraphicstate.c
ode.tex
File: pgfcoregraphicstate.code.tex 2014/11/02  (rcs-revision 1.12)
\pgflinewidth=\dimen269
)
(/usr/share/texlive/texmf-dist/tex/generic/pgf/basiclayer/pgfcoretransformation
s.code.tex
File: pgfcoretransformations.code.tex 2015/08/07  (rcs-revision 1.20)
\pgf@pt@x=\dimen270
\pgf@pt@y=\dimen271
\pgf@pt@temp=\dimen272
)
(/usr/share/texlive/texmf-dist/tex/generic/pgf/basiclayer/pgfcorequick.code.tex
File: pgfcorequick.code.tex 2008/10/09  (rcs-revision 1.3)
)
(/usr/share/texlive/texmf-dist/tex/generic/pgf/basiclayer/pgfcoreobjects.code.t
ex
File: pgfcoreobjects.code.tex 2006/10/11  (rcs-revision 1.2)
)
(/usr/share/texlive/texmf-dist/tex/generic/pgf/basiclayer/pgfcorepathprocessing
.code.tex
File: pgfcorepathprocessing.code.tex 2013/09/09  (rcs-revision 1.9)
)
(/usr/share/texlive/texmf-dist/tex/generic/pgf/basiclayer/pgfcorearrows.code.te
x
File: pgfcorearrows.code.tex 2015/05/14  (rcs-revision 1.43)
\pgfarrowsep=\dimen273
)
(/usr/share/texlive/texmf-dist/tex/generic/pgf/basiclayer/pgfcoreshade.code.tex
File: pgfcoreshade.code.tex 2013/07/15  (rcs-revision 1.15)
\pgf@max=\dimen274
\pgf@sys@shading@range@num=\count157
)
(/usr/share/texlive/texmf-dist/tex/generic/pgf/basiclayer/pgfcoreimage.code.tex
File: pgfcoreimage.code.tex 2013/07/15  (rcs-revision 1.18)

(/usr/share/texlive/texmf-dist/tex/generic/pgf/basiclayer/pgfcoreexternal.code.
tex
File: pgfcoreexternal.code.tex 2014/07/09  (rcs-revision 1.21)
\pgfexternal@startupbox=\box63
))
(/usr/share/texlive/texmf-dist/tex/generic/pgf/basiclayer/pgfcorelayers.code.te
x
File: pgfcorelayers.code.tex 2013/07/18  (rcs-revision 1.7)
)
(/usr/share/texlive/texmf-dist/tex/generic/pgf/basiclayer/pgfcoretransparency.c
ode.tex
File: pgfcoretransparency.code.tex 2013/09/30  (rcs-revision 1.5)
)
(/usr/share/texlive/texmf-dist/tex/generic/pgf/basiclayer/pgfcorepatterns.code.
tex
File: pgfcorepatterns.code.tex 2013/11/07  (rcs-revision 1.5)
)))
(/usr/share/texlive/texmf-dist/tex/generic/pgf/modules/pgfmoduleshapes.code.tex
File: pgfmoduleshapes.code.tex 2014/03/21  (rcs-revision 1.35)
\pgfnodeparttextbox=\box64
) (/usr/share/texlive/texmf-dist/tex/generic/pgf/modules/pgfmoduleplot.code.tex
File: pgfmoduleplot.code.tex 2015/08/03  (rcs-revision 1.13)
)
(/usr/share/texlive/texmf-dist/tex/latex/pgf/compatibility/pgfcomp-version-0-65
.sty
Package: pgfcomp-version-0-65 2007/07/03 v3.0.1a (rcs-revision 1.7)
\pgf@nodesepstart=\dimen275
\pgf@nodesepend=\dimen276
)
(/usr/share/texlive/texmf-dist/tex/latex/pgf/compatibility/pgfcomp-version-1-18
.sty
Package: pgfcomp-version-1-18 2007/07/23 v3.0.1a (rcs-revision 1.1)
)) (/usr/share/texlive/texmf-dist/tex/latex/pgf/utilities/pgffor.sty
(/usr/share/texlive/texmf-dist/tex/latex/pgf/utilities/pgfkeys.sty
(/usr/share/texlive/texmf-dist/tex/generic/pgf/utilities/pgfkeys.code.tex))
(/usr/share/texlive/texmf-dist/tex/latex/pgf/math/pgfmath.sty
(/usr/share/texlive/texmf-dist/tex/generic/pgf/math/pgfmath.code.tex))
(/usr/share/texlive/texmf-dist/tex/generic/pgf/utilities/pgffor.code.tex
Package: pgffor 2013/12/13 v3.0.1a (rcs-revision 1.25)

(/usr/share/texlive/texmf-dist/tex/generic/pgf/math/pgfmath.code.tex)
\pgffor@iter=\dimen277
\pgffor@skip=\dimen278
\pgffor@stack=\toks43
\pgffor@toks=\toks44
))
(/usr/share/texlive/texmf-dist/tex/generic/pgf/frontendlayer/tikz/tikz.code.tex
Package: tikz 2015/08/07 v3.0.1a (rcs-revision 1.151)

(/usr/share/texlive/texmf-dist/tex/generic/pgf/libraries/pgflibraryplothandlers
.code.tex
File: pgflibraryplothandlers.code.tex 2013/08/31 v3.0.1a (rcs-revision 1.20)
\pgf@plot@mark@count=\count158
\pgfplotmarksize=\dimen279
)
\tikz@lastx=\dimen280
\tikz@lasty=\dimen281
\tikz@lastxsaved=\dimen282
\tikz@lastysaved=\dimen283
\tikzleveldistance=\dimen284
\tikzsiblingdistance=\dimen285
\tikz@figbox=\box65
\tikz@figbox@bg=\box66
\tikz@tempbox=\box67
\tikz@tempbox@bg=\box68
\tikztreelevel=\count159
\tikznumberofchildren=\count160
\tikznumberofcurrentchild=\count161
\tikz@fig@count=\count162

(/usr/share/texlive/texmf-dist/tex/generic/pgf/modules/pgfmodulematrix.code.tex
File: pgfmodulematrix.code.tex 2013/09/17  (rcs-revision 1.8)
\pgfmatrixcurrentrow=\count163
\pgfmatrixcurrentcolumn=\count164
\pgf@matrix@numberofcolumns=\count165
)
\tikz@expandcount=\count166

(/usr/share/texlive/texmf-dist/tex/generic/pgf/frontendlayer/tikz/libraries/tik
zlibrarytopaths.code.tex
File: tikzlibrarytopaths.code.tex 2008/06/17 v3.0.1a (rcs-revision 1.2)
)))
(/usr/share/texlive/texmf-dist/tex/latex/pgfopts/pgfopts.sty
Package: pgfopts 2014/07/10 v2.1a LaTeX package options with pgfkeys
\pgfopts@list@add@a@toks=\toks45
\pgfopts@list@add@b@toks=\toks46
)
(/usr/share/texlive/texmf-dist/tex/latex/tikz-feynman/tikzlibraryfeynman.code.t
ex
(/usr/share/texlive/texmf-dist/tex/generic/pgf/libraries/pgflibraryarrows.meta.
code.tex
File: pgflibraryarrows.meta.code.tex 2015/05/13 v3.0.1a (rcs-revision 1.13)
\pgfarrowinset=\dimen286
\pgfarrowlength=\dimen287
\pgfarrowwidth=\dimen288
\pgfarrowlinewidth=\dimen289
)
(/usr/share/texlive/texmf-dist/tex/generic/pgf/frontendlayer/tikz/libraries/tik
zlibrarycalc.code.tex
File: tikzlibrarycalc.code.tex 2013/07/15 v3.0.1a (rcs-revision 1.9)
)
(/usr/share/texlive/texmf-dist/tex/generic/pgf/frontendlayer/tikz/libraries/tik
zlibrarydecorations.code.tex
(/usr/share/texlive/texmf-dist/tex/generic/pgf/modules/pgfmoduledecorations.cod
e.tex
\pgfdecoratedcompleteddistance=\dimen290
\pgfdecoratedremainingdistance=\dimen291
\pgfdecoratedinputsegmentcompleteddistance=\dimen292
\pgfdecoratedinputsegmentremainingdistance=\dimen293
\pgf@decorate@distancetomove=\dimen294
\pgf@decorate@repeatstate=\count167
\pgfdecorationsegmentamplitude=\dimen295
\pgfdecorationsegmentlength=\dimen296
)
\tikz@lib@dec@box=\box69
)
(/usr/share/texlive/texmf-dist/tex/generic/pgf/frontendlayer/tikz/libraries/tik
zlibrarydecorations.markings.code.tex
(/usr/share/texlive/texmf-dist/tex/generic/pgf/libraries/decorations/pgflibrary
decorations.markings.code.tex))
(/usr/share/texlive/texmf-dist/tex/generic/pgf/frontendlayer/tikz/libraries/tik
zlibrarydecorations.pathmorphing.code.tex
(/usr/share/texlive/texmf-dist/tex/generic/pgf/libraries/decorations/pgflibrary
decorations.pathmorphing.code.tex))
(/usr/share/texlive/texmf-dist/tex/generic/pgf/frontendlayer/tikz/libraries/tik
zlibrarydecorations.pathreplacing.code.tex
(/usr/share/texlive/texmf-dist/tex/generic/pgf/libraries/decorations/pgflibrary
decorations.pathreplacing.code.tex))
(/usr/share/texlive/texmf-dist/tex/generic/pgf/frontendlayer/tikz/libraries/gra
phs/tikzlibrarygraphs.code.tex
File: tikzlibrarygraphs.code.tex 2015/06/05 v3.0.1a (rcs-revision 1.44)
\tikz@lib@auto@number=\count168
\tikz@qnode@count=\count169
)
(/usr/share/texlive/texmf-dist/tex/generic/pgf/frontendlayer/tikz/libraries/tik
zlibrarypatterns.code.tex
File: tikzlibrarypatterns.code.tex 2008/01/15 v3.0.1a (rcs-revision 1.2)

(/usr/share/texlive/texmf-dist/tex/generic/pgf/libraries/pgflibrarypatterns.cod
e.tex
File: pgflibrarypatterns.code.tex 2008/03/03 v3.0.1a (rcs-revision 1.13)
))
(/usr/share/texlive/texmf-dist/tex/generic/pgf/frontendlayer/tikz/libraries/tik
zlibrarypositioning.code.tex
File: tikzlibrarypositioning.code.tex 2008/10/06 v3.0.1a (rcs-revision 1.7)
)
(/usr/share/texlive/texmf-dist/tex/generic/pgf/frontendlayer/tikz/libraries/tik
zlibraryshapes.geometric.code.tex
File: tikzlibraryshapes.geometric.code.tex 2008/01/09 v3.0.1a (rcs-revision 1.1
)

(/usr/share/texlive/texmf-dist/tex/generic/pgf/libraries/shapes/pgflibraryshape
s.geometric.code.tex
File: pgflibraryshapes.geometric.code.tex 2008/06/26 v3.0.1a (rcs-revision 1.1)

))
(/usr/share/texlive/texmf-dist/tex/latex/tikz-feynman/tikzfeynman.keys.code.tex
))) (/usr/share/texlive/texmf-dist/tex/latex/graphics/lscape.sty
Package: lscape 2000/10/22 v3.01 Landscape Pages (DPC)
)
(/usr/share/texlive/texmf-dist/tex/latex/titlesec/block.tss
File: block.tss 2016/03/15
)
(./thesis_prieels.aux

LaTeX Warning: Label `fig:MuonEff' multiply defined.


LaTeX Warning: Label `fig:SRdiscMET' multiply defined.

)
\openout1 = `thesis_prieels.aux'.

LaTeX Font Info:    Checking defaults for OML/cmm/m/it on input line 71.
LaTeX Font Info:    ... okay on input line 71.
LaTeX Font Info:    Checking defaults for T1/cmr/m/n on input line 71.
LaTeX Font Info:    ... okay on input line 71.
LaTeX Font Info:    Checking defaults for OT1/cmr/m/n on input line 71.
LaTeX Font Info:    ... okay on input line 71.
LaTeX Font Info:    Checking defaults for OMS/cmsy/m/n on input line 71.
LaTeX Font Info:    ... okay on input line 71.
LaTeX Font Info:    Checking defaults for OMX/cmex/m/n on input line 71.
LaTeX Font Info:    ... okay on input line 71.
LaTeX Font Info:    Checking defaults for U/cmr/m/n on input line 71.
LaTeX Font Info:    ... okay on input line 71.
LaTeX Font Info:    Checking defaults for PD1/pdf/m/n on input line 71.
LaTeX Font Info:    ... okay on input line 71.

*geometry* driver: auto-detecting
*geometry* detected driver: pdftex
*geometry* verbose mode - [ preamble ] result:
* driver: pdftex
* paper: a4paper
* layout: <same size as paper>
* layoutoffset:(h,v)=(0.0pt,0.0pt)
* bindingoffset: 71.13188pt
* modes: twoside 
* h-part:(L,W,R)=(28.45274pt, 426.79137pt, 71.13188pt)
* v-part:(T,H,B)=(56.9055pt, 702.78308pt, 85.35826pt)
* \paperwidth=597.50787pt
* \paperheight=845.04684pt
* \textwidth=426.79137pt
* \textheight=702.78308pt
* \oddsidemargin=27.31464pt
* \evensidemargin=-1.1381pt
* \topmargin=-61.5077pt
* \headheight=12.0pt
* \headsep=34.14322pt
* \topskip=10.0pt
* \footskip=30.0pt
* \marginparwidth=57.0pt
* \marginparsep=11.0pt
* \columnsep=10.0pt
* \skip\footins=9.0pt plus 4.0pt minus 2.0pt
* \hoffset=0.0pt
* \voffset=0.0pt
* \mag=1000
* \@twocolumnfalse
* \@twosidetrue
* \@mparswitchtrue
* \@reversemarginfalse
* (1in=72.27pt=25.4mm, 1cm=28.453pt)

(/usr/share/texlive/texmf-dist/tex/context/base/mkii/supp-pdf.mkii
[Loading MPS to PDF converter (version 2006.09.02).]
\scratchcounter=\count170
\scratchdimen=\dimen297
\scratchbox=\box70
\nofMPsegments=\count171
\nofMParguments=\count172
\everyMPshowfont=\toks47
\MPscratchCnt=\count173
\MPscratchDim=\dimen298
\MPnumerator=\count174
\makeMPintoPDFobject=\count175
\everyMPtoPDFconversion=\toks48
) (/usr/share/texlive/texmf-dist/tex/latex/oberdiek/epstopdf-base.sty
Package: epstopdf-base 2016/05/15 v2.6 Base part for package epstopdf

(/usr/share/texlive/texmf-dist/tex/latex/oberdiek/grfext.sty
Package: grfext 2016/05/16 v1.2 Manage graphics extensions (HO)
)
Package epstopdf-base Info: Redefining graphics rule for `.eps' on input line 4
38.
Package grfext Info: Graphics extension search list:
(grfext)             [.pdf,.png,.jpg,.mps,.jpeg,.jbig2,.jb2,.PDF,.PNG,.JPG,.JPE
G,.JBIG2,.JB2,.eps]
(grfext)             \AppendGraphicsExtensions on input line 456.

(/usr/share/texlive/texmf-dist/tex/latex/latexconfig/epstopdf-sys.cfg
File: epstopdf-sys.cfg 2010/07/13 v1.3 Configuration of (r)epstopdf for TeX Liv
e
))
\AtBeginShipoutBox=\box71
Package hyperref Info: Link coloring ON on input line 71.

(/usr/share/texlive/texmf-dist/tex/latex/hyperref/nameref.sty
Package: nameref 2016/05/21 v2.44 Cross-referencing by name of section

(/usr/share/texlive/texmf-dist/tex/generic/oberdiek/gettitlestring.sty
Package: gettitlestring 2016/05/16 v1.5 Cleanup title references (HO)
)
\c@section@level=\count176
)
LaTeX Info: Redefining \ref on input line 71.
LaTeX Info: Redefining \pageref on input line 71.
LaTeX Info: Redefining \nameref on input line 71.

(./thesis_prieels.out) (./thesis_prieels.out)
\@outlinefile=\write5
\openout5 = `thesis_prieels.out'.

Package caption Info: Begin \AtBeginDocument code.
Package caption Info: float package is loaded.
Package caption Info: subfigure package is loaded.
Package caption Info: End \AtBeginDocument code.
LaTeX Info: Redefining \celsius on input line 71.
Package gensymb Info: Faking symbols for \degree and \celsius on input line 71.



Package gensymb Warning: Not defining \perthousand.

LaTeX Info: Redefining \ohm on input line 71.
Package gensymb Info: Using \Omega for \ohm on input line 71.

Package gensymb Warning: Not defining \micro.

ABD: EveryShipout initializing macros

Package tikz-feynman Warning: LuaTeX is required if you wish to have vertices a
utomatically placed. You can disable this warning by setting /tikzfeynman/warn 
luatex=false on input line 71.

<figs/image_UC.png, id=224, 400.49625pt x 401.5pt>
File: figs/image_UC.png Graphic file (type png)
<use figs/image_UC.png>
Package pdftex.def Info: figs/image_UC.png  used on input line 89.
(pdftex.def)             Requested size: 64.0161pt x 64.17392pt.
[1

{/var/lib/texmf/fonts/map/pdftex/updmap/pdftex.map} <./figs/image_UC.png>]
[2]
File: figs/image_UC.png Graphic file (type png)
<use figs/image_UC.png>
Package pdftex.def Info: figs/image_UC.png  used on input line 124.
(pdftex.def)             Requested size: 64.0161pt x 64.17392pt.
pdfTeX warning (ext4): destination with the same identifier (name{page.i}) has 
been already used, duplicate ignored
<to be read again> 
                   \relax 
l.146 \end{titlepage}
                      [1]pdfTeX warning (ext4): destination with the same ident
ifier (name{page.ii}) has been already used, duplicate ignored
<to be read again> 
                   \relax 
l.154 \newpage
               [2]pdfTeX warning (ext4): destination with the same identifier (
name{page.i}) has been already used, duplicate ignored
<to be read again> 
                   \relax 
l.162 \newpage
               [1

]pdfTeX warning (ext4): destination with the same identifier (name{page.ii}) ha
s been already used, duplicate ignored
<to be read again> 
                   \relax 
l.164 \chapter
              *{\huge{Resumen en espa\~{n}ol}} [2

] [3] [4

]
Package acronym Info: Label `acro:IFCA' newly defined as it shall be overridden

although it is yet undefined on input line 169.
 [5] [6

]
Underfull \hbox (badness 10000) in paragraph at lines 246--247
[]\OT1/cmr/m/n/10 Minimal Su-per-sym-met-ric Stan-dard
 []

[7] [8] (./thesis_prieels.toc
Package acronym Info: Label `acro:PF' newly defined as it shall be overridden
although it is yet undefined on input line 3.
Package acronym Info: Label `acro:PV' newly defined as it shall be overridden
although it is yet undefined on input line 4.
Package acronym Info: Label `acro:MET' newly defined as it shall be overridden
although it is yet undefined on input line 10.
Package acronym Info: Label `acro:DM' newly defined as it shall be overridden
although it is yet undefined on input line 13.
Package acronym Info: Label `acro:MC' newly defined as it shall be overridden
although it is yet undefined on input line 16.
 [9

]
Package acronym Info: Label `acro:DY' newly defined as it shall be overridden
although it is yet undefined on input line 43.
)
\tf@toc=\write6
\openout6 = `thesis_prieels.toc'.

 [10] [11

]
Chapter 1.
Package acronym Info: Label `acro:CMS' newly defined as it shall be overridden
although it is yet undefined on input line 1724.
Package acronym Info: Label `acro:LHC' newly defined as it shall be overridden
although it is yet undefined on input line 1730.

LaTeX Warning: Reference `chapter:Device' on page 1 undefined on input line 173
2.

[1

]
Package acronym Info: Label `acro:PU' newly defined as it shall be overridden
although it is yet undefined on input line 1737.
Package acronym Info: Label `acro:ECAL' newly defined as it shall be overridden

although it is yet undefined on input line 1741.
Package acronym Info: Label `acro:HCAL' newly defined as it shall be overridden

although it is yet undefined on input line 1742.
<figs/CMSIdentify.png, id=489, 1445.4pt x 955.57pt>
File: figs/CMSIdentify.png Graphic file (type png)
<use figs/CMSIdentify.png>
Package pdftex.def Info: figs/CMSIdentify.png  used on input line 1749.
(pdftex.def)             Requested size: 369.8844pt x 227.62094pt.
 [2]
<figs/LHCPU.png, id=516, 378.66469pt x 199.49532pt>
File: figs/LHCPU.png Graphic file (type png)
<use figs/LHCPU.png>
Package pdftex.def Info: figs/LHCPU.png  used on input line 1765.
(pdftex.def)             Requested size: 213.39703pt x 113.81091pt.
 [3 <./figs/CMSIdentify.png> <./figs/LHCPU.png>]
Package acronym Info: Label `acro:DT' newly defined as it shall be overridden
although it is yet undefined on input line 1784.
Package acronym Info: Label `acro:CSC' newly defined as it shall be overridden
although it is yet undefined on input line 1784.
Package acronym Info: Label `acro:RPC' newly defined as it shall be overridden
although it is yet undefined on input line 1784.
Package acronym Info: Label `acro:KF' newly defined as it shall be overridden
although it is yet undefined on input line 1784.
 [4]
<figs/MuonEff.png, id=551, 1891.065pt x 1184.425pt>
File: figs/MuonEff.png Graphic file (type png)
<use figs/MuonEff.png>
Package pdftex.def Info: figs/MuonEff.png  used on input line 1804.
(pdftex.def)             Requested size: 369.86713pt x 170.71611pt.
<figs/IsoCone.png, id=558, 1292.83pt x 1182.4175pt>
File: figs/IsoCone.png Graphic file (type png)
<use figs/IsoCone.png>
Package pdftex.def Info: figs/IsoCone.png  used on input line 1814.
(pdftex.def)             Requested size: 199.1635pt x 184.9327pt.
Package acronym Info: Label `acro:WP' newly defined as it shall be overridden
although it is yet undefined on input line 1820.
 [5 <./figs/MuonEff.png>]
Package acronym Info: Label `acro:POG' newly defined as it shall be overridden
although it is yet undefined on input line 1822.
Package acronym Info: Label `acro:SC' newly defined as it shall be overridden
although it is yet undefined on input line 1833.


LaTeX Warning: Reference `subsection:ECAL' on page 6 undefined on input line 18
33.

[6 <./figs/IsoCone.png>]
LaTeX Font Info:    Try loading font information for OMS+cmr on input line 1843
.

(/usr/share/texlive/texmf-dist/tex/latex/base/omscmr.fd
File: omscmr.fd 2014/09/29 v2.5h Standard LaTeX font definitions
)
LaTeX Font Info:    Font shape `OMS/cmr/m/n' in size <10> not available
(Font)              Font shape `OMS/cmsy/m/n' tried instead on input line 1843.

Package acronym Info: Label `acro:GSF' newly defined as it shall be overridden
although it is yet undefined on input line 1850.
Package acronym Info: Label `acro:MVA' newly defined as it shall be overridden
although it is yet undefined on input line 1854.
<figs/EleWorkflow.png, id=619, 2515.3975pt x 897.3525pt>
File: figs/EleWorkflow.png Graphic file (type png)
<use figs/EleWorkflow.png>
Package pdftex.def Info: figs/EleWorkflow.png  used on input line 1861.
(pdftex.def)             Requested size: 398.32658pt x 142.25116pt.
 [7]
<figs/CMSJets.png, id=635, 1111.15125pt x 410.53375pt>
File: figs/CMSJets.png Graphic file (type png)
<use figs/CMSJets.png>
Package pdftex.def Info: figs/CMSJets.png  used on input line 1876.
(pdftex.def)             Requested size: 341.43538pt x 128.03464pt.
 [8 <./figs/EleWorkflow.png> <./figs/CMSJets.png>]
<figs/PFSimu.png, id=657, 2720.1625pt x 977.6525pt>
File: figs/PFSimu.png Graphic file (type png)
<use figs/PFSimu.png>
Package pdftex.def Info: figs/PFSimu.png  used on input line 1906.
(pdftex.def)             Requested size: 426.76761pt x 156.48726pt.
 [9 <./figs/PFSimu.png>]
<figs/CMSBJets.png, id=672, 903.375pt x 924.18877pt>
File: figs/CMSBJets.png Graphic file (type png)
<use figs/CMSBJets.png>
Package pdftex.def Info: figs/CMSBJets.png  used on input line 1920.
(pdftex.def)             Requested size: 199.17043pt x 199.16208pt.
Package acronym Info: Label `acro:CSV' newly defined as it shall be overridden
although it is yet undefined on input line 1928.
Package acronym Info: Label `acro:DNN' newly defined as it shall be overridden
although it is yet undefined on input line 1928.
<figs/CMSBTag.png, id=677, 1875.005pt x 1278.7775pt>
File: figs/CMSBTag.png Graphic file (type png)
<use figs/CMSBTag.png>
Package pdftex.def Info: figs/CMSBTag.png  used on input line 1932.
(pdftex.def)             Requested size: 369.87312pt x 241.83852pt.
 [10 <./figs/CMSBJets.png>]
Package acronym Info: Label `acro:SM' newly defined as it shall be overridden
although it is yet undefined on input line 1948.
<figs/MET.png, id=700, 1606.0pt x 1369.115pt>
File: figs/MET.png Graphic file (type png)
<use figs/MET.png>
Package pdftex.def Info: figs/MET.png  used on input line 1955.
(pdftex.def)             Requested size: 199.15665pt x 156.47348pt.
Package acronym Info: Label `acro:BSM' newly defined as it shall be overridden
although it is yet undefined on input line 1961.
 [11 <./figs/CMSBTag.png>]
Package acronym Info: Label `acro:PUPPI' newly defined as it shall be overridde
n
although it is yet undefined on input line 1971.
<figs/METFilters.png, id=730, 2603.7275pt x 1252.68pt>
File: figs/METFilters.png Graphic file (type png)
<use figs/METFilters.png>
Package pdftex.def Info: figs/METFilters.png  used on input line 1978.
(pdftex.def)             Requested size: 398.32928pt x 176.40617pt.
 [12 <./figs/MET.png>] [13pdfTeX warning (ext4): destination with the same iden
tifier (name{equation.1.6.3}) has been already used, duplicate ignored

\AtBegShi@Output ...ipout \box \AtBeginShipoutBox 
                                                  \fi \fi 
l.2025 
        <./figs/METFilters.png>]
<figs/ellipse0.png, id=770, 708.6475pt x 698.61pt>
File: figs/ellipse0.png Graphic file (type png)
<use figs/ellipse0.png>
Package pdftex.def Info: figs/ellipse0.png  used on input line 2064.
(pdftex.def)             Requested size: 122.33914pt x 122.34386pt.
<figs/ellipse2.png, id=771, 695.59875pt x 688.5725pt>
File: figs/ellipse2.png Graphic file (type png)
<use figs/ellipse2.png>
Package pdftex.def Info: figs/ellipse2.png  used on input line 2067.
(pdftex.def)             Requested size: 122.34721pt x 122.34067pt.
<figs/ellipse4.png, id=772, 694.595pt x 692.5875pt>
File: figs/ellipse4.png Graphic file (type png)
<use figs/ellipse4.png>
Package pdftex.def Info: figs/ellipse4.png  used on input line 2070.
(pdftex.def)             Requested size: 122.34024pt x 122.34596pt.
 [14] [15 <./figs/ellipse0.png> <./figs/ellipse2.png> <./figs/ellipse4.png>]
<figs/ElipseDM3.png, id=811, 761.84625pt x 593.21625pt>
File: figs/ElipseDM3.png Graphic file (type png)
<use figs/ElipseDM3.png>
Package pdftex.def Info: figs/ElipseDM3.png  used on input line 2124.
(pdftex.def)             Requested size: 179.24313pt x 156.48647pt.
<figs/Elipsettnormal.png, id=812, 761.84625pt x 593.21625pt>
File: figs/Elipsettnormal.png Graphic file (type png)
<use figs/Elipsettnormal.png>
Package pdftex.def Info: figs/Elipsettnormal.png  used on input line 2127.
(pdftex.def)             Requested size: 179.24313pt x 156.48647pt.
 [16 <./figs/ElipseDM3.png> <./figs/Elipsettnormal.png>]
<figs/angularSmearing.png, id=833, 474.77374pt x 658.46pt>
File: figs/angularSmearing.png Graphic file (type png)
<use figs/angularSmearing.png>
Package pdftex.def Info: figs/angularSmearing.png  used on input line 2161.
(pdftex.def)             Requested size: 93.89537pt x 119.50232pt.
<figs/placeholder.png, id=839, 401.5pt x 401.5pt>
File: figs/placeholder.png Graphic file (type png)
<use figs/placeholder.png>
Package pdftex.def Info: figs/placeholder.png  used on input line 2182.
(pdftex.def)             Requested size: 179.25812pt x 133.7268pt.
File: figs/placeholder.png Graphic file (type png)
<use figs/placeholder.png>
Package pdftex.def Info: figs/placeholder.png  used on input line 2185.
(pdftex.def)             Requested size: 179.25812pt x 133.7268pt.
 [17 <./figs/angularSmearing.png>]
<figs/bw.png, id=851, 700.6175pt x 477.785pt>
File: figs/bw.png Graphic file (type png)
<use figs/bw.png>
Package pdftex.def Info: figs/bw.png  used on input line 2196.
(pdftex.def)             Requested size: 179.24841pt x 133.72784pt.
<figs/mlb2.png, id=852, 700.6175pt x 477.785pt>
File: figs/mlb2.png Graphic file (type png)
<use figs/mlb2.png>
Package pdftex.def Info: figs/mlb2.png  used on input line 2199.
(pdftex.def)             Requested size: 179.24841pt x 133.72784pt.
 [18 <./figs/placeholder.png> <./figs/bw.png> <./figs/mlb2.png>]
Chapter 2.

LaTeX Warning: Reference `section:ourChannel' on page 19 undefined on input lin
e 2235.

<figs/MCGen.png, id=883, 1764.5925pt x 1614.03pt>
File: figs/MCGen.png Graphic file (type png)
<use figs/MCGen.png>
Package pdftex.def Info: figs/MCGen.png  used on input line 2249.
(pdftex.def)             Requested size: 199.16776pt x 156.48683pt.
Package acronym Info: Label `acro:UE' newly defined as it shall be overridden
although it is yet undefined on input line 2250.
[19

]
Package acronym Info: Label `acro:PDF' newly defined as it shall be overridden
although it is yet undefined on input line 2267.
Package acronym Info: Label `acro:QCD' newly defined as it shall be overridden
although it is yet undefined on input line 2276.
 [20 <./figs/MCGen.png>]
Package acronym Info: Label `acro:ISR' newly defined as it shall be overridden
although it is yet undefined on input line 2278.
Package acronym Info: Label `acro:MPI' newly defined as it shall be overridden
although it is yet undefined on input line 2282.
<figs/TopPt.png, id=926, 788.9475pt x 1027.84pt>
File: figs/TopPt.png Graphic file (type png)
<use figs/TopPt.png>
Package pdftex.def Info: figs/TopPt.png  used on input line 2289.
(pdftex.def)             Requested size: 176.398pt x 199.16547pt.
<figs/TopRapidity.png, id=927, 788.9475pt x 1027.84pt>
File: figs/TopRapidity.png Graphic file (type png)
<use figs/TopRapidity.png>
Package pdftex.def Info: figs/TopRapidity.png  used on input line 2292.
(pdftex.def)             Requested size: 176.398pt x 199.16547pt.
 [21 <./figs/TopPt.png> <./figs/TopRapidity.png>]
Package acronym Info: Label `acro:CERN' newly defined as it shall be overridden

although it is yet undefined on input line 2321.
<figs/CMSGEANT.png, id=956, 2724.1775pt x 973.6375pt>
File: figs/CMSGEANT.png Graphic file (type png)
<use figs/CMSGEANT.png>
Package pdftex.def Info: figs/CMSGEANT.png  used on input line 2325.
(pdftex.def)             Requested size: 398.30025pt x 142.25092pt.
Package acronym Info: Label `acro:SF' newly defined as it shall be overridden
although it is yet undefined on input line 2331.

[22]
Package acronym Info: Label `acro:AOD' newly defined as it shall be overridden
although it is yet undefined on input line 2341.
Package acronym Info: Label `acro:EDM' newly defined as it shall be overridden
although it is yet undefined on input line 2352.
 [23 <./figs/CMSGEANT.png>]

LaTeX Warning: Reference `subsection:Lumi' on page 24 undefined on input line 2
358.

<figs/scalarMETmChi1Norm.png, id=1009, 700.6175pt x 477.785pt>
File: figs/scalarMETmChi1Norm.png Graphic file (type png)
<use figs/scalarMETmChi1Norm.png>
Package pdftex.def Info: figs/scalarMETmChi1Norm.png  used on input line 2378.
(pdftex.def)             Requested size: 199.16492pt x 142.25761pt.
<figs/scalarMETmChi1.png, id=1010, 700.6175pt x 477.785pt>
File: figs/scalarMETmChi1.png Graphic file (type png)
<use figs/scalarMETmChi1.png>
Package pdftex.def Info: figs/scalarMETmChi1.png  used on input line 2378.
(pdftex.def)             Requested size: 199.16492pt x 142.25761pt.
<figs/scalarMETmChiLargeNorm.png, id=1011, 700.6175pt x 477.785pt>
File: figs/scalarMETmChiLargeNorm.png Graphic file (type png)
<use figs/scalarMETmChiLargeNorm.png>
Package pdftex.def Info: figs/scalarMETmChiLargeNorm.png  used on input line 23
87.
(pdftex.def)             Requested size: 199.16492pt x 142.25761pt.
<figs/scalarMETmChiLarge.png, id=1012, 700.6175pt x 477.785pt>
File: figs/scalarMETmChiLarge.png Graphic file (type png)
<use figs/scalarMETmChiLarge.png>
Package pdftex.def Info: figs/scalarMETmChiLarge.png  used on input line 2387.
(pdftex.def)             Requested size: 199.16492pt x 142.25761pt.
<figs/pseudoscalarMETmChi1Norm.png, id=1017, 700.6175pt x 477.785pt>
File: figs/pseudoscalarMETmChi1Norm.png Graphic file (type png)
<use figs/pseudoscalarMETmChi1Norm.png>
Package pdftex.def Info: figs/pseudoscalarMETmChi1Norm.png  used on input line 
2402.
(pdftex.def)             Requested size: 199.16492pt x 142.25761pt.
<figs/pseudoscalarMETmChi1.png, id=1018, 700.6175pt x 477.785pt>
File: figs/pseudoscalarMETmChi1.png Graphic file (type png)
<use figs/pseudoscalarMETmChi1.png>
Package pdftex.def Info: figs/pseudoscalarMETmChi1.png  used on input line 2402
.
(pdftex.def)             Requested size: 199.16492pt x 142.25761pt.
<figs/pseudoscalarMETmChiLargeNorm.png, id=1019, 700.6175pt x 477.785pt>
File: figs/pseudoscalarMETmChiLargeNorm.png Graphic file (type png)
<use figs/pseudoscalarMETmChiLargeNorm.png>
Package pdftex.def Info: figs/pseudoscalarMETmChiLargeNorm.png  used on input l
ine 2411.
(pdftex.def)             Requested size: 199.16492pt x 142.25761pt.
<figs/pseudoscalarMETmChiLarge.png, id=1020, 700.6175pt x 477.785pt>
File: figs/pseudoscalarMETmChiLarge.png Graphic file (type png)
<use figs/pseudoscalarMETmChiLarge.png>
Package pdftex.def Info: figs/pseudoscalarMETmChiLarge.png  used on input line 
2411.
(pdftex.def)             Requested size: 199.16492pt x 142.25761pt.
[24]
Package acronym Info: Label `acro:SR' newly defined as it shall be overridden
although it is yet undefined on input line 2425.
Package acronym Info: Label `acro:CR' newly defined as it shall be overridden
although it is yet undefined on input line 2425.
<figs/ProcessesXS.png, id=1052, 582.175pt x 704.6325pt>
File: figs/ProcessesXS.png Graphic file (type png)
<use figs/ProcessesXS.png>
Package pdftex.def Info: figs/ProcessesXS.png  used on input line 2434.
(pdftex.def)             Requested size: 227.61586pt x 256.07591pt.
 [25 <./figs/scalarMETmChi1Norm.png> <./figs/scalarMETmChi1.png> <./figs/scalar
METmChiLargeNorm.png> <./figs/scalarMETmChiLarge.png>]
Package acronym Info: Label `acro:ML' newly defined as it shall be overridden
although it is yet undefined on input line 2446.
Package acronym Info: Label `acro:LO' newly defined as it shall be overridden
although it is yet undefined on input line 2454.
 [26 <./figs/pseudoscalarMETmChi1Norm.png> <./figs/pseudoscalarMETmChi1.png> <.
/figs/pseudoscalarMETmChiLargeNorm.png> <./figs/pseudoscalarMETmChiLarge.png>]

Package tikz-feynman Warning: The key you tried to use '/graph drawing/node dis
tance' requires LuaTeX. It will be ignored. on input line 2478.


Package tikz-feynman Warning: The key you tried to use '/graph drawing/level di
stance' requires LuaTeX. It will be ignored. on input line 2478.


Package tikz-feynman Warning: The key you tried to use '/graph drawing/sibling 
distance' requires LuaTeX. It will be ignored. on input line 2478.


Package tikz-feynman Warning: The key you tried to use '/graph drawing/node dis
tance' requires LuaTeX. It will be ignored. on input line 2478.


Package tikz-feynman Warning: The key you tried to use '/graph drawing/level di
stance' requires LuaTeX. It will be ignored. on input line 2478.


Package tikz-feynman Warning: The key you tried to use '/graph drawing/sibling 
distance' requires LuaTeX. It will be ignored. on input line 2478.


Package tikz-feynman Warning: The key you tried to use '/graph drawing/node dis
tance' requires LuaTeX. It will be ignored. on input line 2500.


Package tikz-feynman Warning: The key you tried to use '/graph drawing/level di
stance' requires LuaTeX. It will be ignored. on input line 2500.


Package tikz-feynman Warning: The key you tried to use '/graph drawing/sibling 
distance' requires LuaTeX. It will be ignored. on input line 2500.


Package tikz-feynman Warning: The key you tried to use '/graph drawing/node dis
tance' requires LuaTeX. It will be ignored. on input line 2500.


Package tikz-feynman Warning: The key you tried to use '/graph drawing/level di
stance' requires LuaTeX. It will be ignored. on input line 2500.


Package tikz-feynman Warning: The key you tried to use '/graph drawing/sibling 
distance' requires LuaTeX. It will be ignored. on input line 2500.


Package tikz-feynman Warning: The key you tried to use '/graph drawing/node dis
tance' requires LuaTeX. It will be ignored. on input line 2522.


Package tikz-feynman Warning: The key you tried to use '/graph drawing/level di
stance' requires LuaTeX. It will be ignored. on input line 2522.


Package tikz-feynman Warning: The key you tried to use '/graph drawing/sibling 
distance' requires LuaTeX. It will be ignored. on input line 2522.


Package tikz-feynman Warning: The key you tried to use '/graph drawing/node dis
tance' requires LuaTeX. It will be ignored. on input line 2522.


Package tikz-feynman Warning: The key you tried to use '/graph drawing/level di
stance' requires LuaTeX. It will be ignored. on input line 2522.


Package tikz-feynman Warning: The key you tried to use '/graph drawing/sibling 
distance' requires LuaTeX. It will be ignored. on input line 2522.


Package tikz-feynman Warning: The key you tried to use '/graph drawing/node dis
tance' requires LuaTeX. It will be ignored. on input line 2552.


Package tikz-feynman Warning: The key you tried to use '/graph drawing/level di
stance' requires LuaTeX. It will be ignored. on input line 2552.


Package tikz-feynman Warning: The key you tried to use '/graph drawing/sibling 
distance' requires LuaTeX. It will be ignored. on input line 2552.


Package tikz-feynman Warning: The key you tried to use '/graph drawing/node dis
tance' requires LuaTeX. It will be ignored. on input line 2552.


Package tikz-feynman Warning: The key you tried to use '/graph drawing/level di
stance' requires LuaTeX. It will be ignored. on input line 2552.


Package tikz-feynman Warning: The key you tried to use '/graph drawing/sibling 
distance' requires LuaTeX. It will be ignored. on input line 2552.


Package tikz-feynman Warning: The key you tried to use '/graph drawing/node dis
tance' requires LuaTeX. It will be ignored. on input line 2576.


Package tikz-feynman Warning: The key you tried to use '/graph drawing/level di
stance' requires LuaTeX. It will be ignored. on input line 2576.


Package tikz-feynman Warning: The key you tried to use '/graph drawing/sibling 
distance' requires LuaTeX. It will be ignored. on input line 2576.


Package tikz-feynman Warning: The key you tried to use '/graph drawing/node dis
tance' requires LuaTeX. It will be ignored. on input line 2576.


Package tikz-feynman Warning: The key you tried to use '/graph drawing/level di
stance' requires LuaTeX. It will be ignored. on input line 2576.


Package tikz-feynman Warning: The key you tried to use '/graph drawing/sibling 
distance' requires LuaTeX. It will be ignored. on input line 2576.


Package tikz-feynman Warning: The key you tried to use '/graph drawing/node dis
tance' requires LuaTeX. It will be ignored. on input line 2603.


Package tikz-feynman Warning: The key you tried to use '/graph drawing/level di
stance' requires LuaTeX. It will be ignored. on input line 2603.


Package tikz-feynman Warning: The key you tried to use '/graph drawing/sibling 
distance' requires LuaTeX. It will be ignored. on input line 2603.


Package tikz-feynman Warning: The key you tried to use '/graph drawing/node dis
tance' requires LuaTeX. It will be ignored. on input line 2603.


Package tikz-feynman Warning: The key you tried to use '/graph drawing/level di
stance' requires LuaTeX. It will be ignored. on input line 2603.


Package tikz-feynman Warning: The key you tried to use '/graph drawing/sibling 
distance' requires LuaTeX. It will be ignored. on input line 2603.


Package tikz-feynman Warning: The key you tried to use '/graph drawing/node dis
tance' requires LuaTeX. It will be ignored. on input line 2624.


Package tikz-feynman Warning: The key you tried to use '/graph drawing/level di
stance' requires LuaTeX. It will be ignored. on input line 2624.


Package tikz-feynman Warning: The key you tried to use '/graph drawing/sibling 
distance' requires LuaTeX. It will be ignored. on input line 2624.


Package tikz-feynman Warning: The key you tried to use '/graph drawing/node dis
tance' requires LuaTeX. It will be ignored. on input line 2624.


Package tikz-feynman Warning: The key you tried to use '/graph drawing/level di
stance' requires LuaTeX. It will be ignored. on input line 2624.


Package tikz-feynman Warning: The key you tried to use '/graph drawing/sibling 
distance' requires LuaTeX. It will be ignored. on input line 2624.

[27 <./figs/ProcessesXS.png>]

Package tikz-feynman Warning: The key you tried to use '/graph drawing/node dis
tance' requires LuaTeX. It will be ignored. on input line 2657.


Package tikz-feynman Warning: The key you tried to use '/graph drawing/level di
stance' requires LuaTeX. It will be ignored. on input line 2657.


Package tikz-feynman Warning: The key you tried to use '/graph drawing/sibling 
distance' requires LuaTeX. It will be ignored. on input line 2657.


Package tikz-feynman Warning: The key you tried to use '/graph drawing/node dis
tance' requires LuaTeX. It will be ignored. on input line 2657.


Package tikz-feynman Warning: The key you tried to use '/graph drawing/level di
stance' requires LuaTeX. It will be ignored. on input line 2657.


Package tikz-feynman Warning: The key you tried to use '/graph drawing/sibling 
distance' requires LuaTeX. It will be ignored. on input line 2657.


Package tikz-feynman Warning: The key you tried to use '/graph drawing/node dis
tance' requires LuaTeX. It will be ignored. on input line 2680.


Package tikz-feynman Warning: The key you tried to use '/graph drawing/level di
stance' requires LuaTeX. It will be ignored. on input line 2680.


Package tikz-feynman Warning: The key you tried to use '/graph drawing/sibling 
distance' requires LuaTeX. It will be ignored. on input line 2680.


Package tikz-feynman Warning: The key you tried to use '/graph drawing/node dis
tance' requires LuaTeX. It will be ignored. on input line 2680.


Package tikz-feynman Warning: The key you tried to use '/graph drawing/level di
stance' requires LuaTeX. It will be ignored. on input line 2680.


Package tikz-feynman Warning: The key you tried to use '/graph drawing/sibling 
distance' requires LuaTeX. It will be ignored. on input line 2680.


Package tikz-feynman Warning: The key you tried to use '/graph drawing/node dis
tance' requires LuaTeX. It will be ignored. on input line 2711.


Package tikz-feynman Warning: The key you tried to use '/graph drawing/level di
stance' requires LuaTeX. It will be ignored. on input line 2711.


Package tikz-feynman Warning: The key you tried to use '/graph drawing/sibling 
distance' requires LuaTeX. It will be ignored. on input line 2711.


Package tikz-feynman Warning: The key you tried to use '/graph drawing/node dis
tance' requires LuaTeX. It will be ignored. on input line 2711.


Package tikz-feynman Warning: The key you tried to use '/graph drawing/level di
stance' requires LuaTeX. It will be ignored. on input line 2711.


Package tikz-feynman Warning: The key you tried to use '/graph drawing/sibling 
distance' requires LuaTeX. It will be ignored. on input line 2711.

[28]

Package hyperref Warning: Token not allowed in a PDF string (PDFDocEncoding):
(hyperref)                removing `math shift' on input line 2719.


Package hyperref Warning: Token not allowed in a PDF string (PDFDocEncoding):
(hyperref)                removing `math shift' on input line 2719.

Package acronym Info: Label `acro:FSR' newly defined as it shall be overridden
although it is yet undefined on input line 2721.

Package tikz-feynman Warning: The key you tried to use '/graph drawing/node dis
tance' requires LuaTeX. It will be ignored. on input line 2747.


Package tikz-feynman Warning: The key you tried to use '/graph drawing/level di
stance' requires LuaTeX. It will be ignored. on input line 2747.


Package tikz-feynman Warning: The key you tried to use '/graph drawing/sibling 
distance' requires LuaTeX. It will be ignored. on input line 2747.


Package tikz-feynman Warning: The key you tried to use '/graph drawing/node dis
tance' requires LuaTeX. It will be ignored. on input line 2747.


Package tikz-feynman Warning: The key you tried to use '/graph drawing/level di
stance' requires LuaTeX. It will be ignored. on input line 2747.


Package tikz-feynman Warning: The key you tried to use '/graph drawing/sibling 
distance' requires LuaTeX. It will be ignored. on input line 2747.


Package tikz-feynman Warning: The key you tried to use '/graph drawing/node dis
tance' requires LuaTeX. It will be ignored. on input line 2771.


Package tikz-feynman Warning: The key you tried to use '/graph drawing/level di
stance' requires LuaTeX. It will be ignored. on input line 2771.


Package tikz-feynman Warning: The key you tried to use '/graph drawing/sibling 
distance' requires LuaTeX. It will be ignored. on input line 2771.


Package tikz-feynman Warning: The key you tried to use '/graph drawing/node dis
tance' requires LuaTeX. It will be ignored. on input line 2771.


Package tikz-feynman Warning: The key you tried to use '/graph drawing/level di
stance' requires LuaTeX. It will be ignored. on input line 2771.


Package tikz-feynman Warning: The key you tried to use '/graph drawing/sibling 
distance' requires LuaTeX. It will be ignored. on input line 2771.


Package tikz-feynman Warning: The key you tried to use '/graph drawing/node dis
tance' requires LuaTeX. It will be ignored. on input line 2794.


Package tikz-feynman Warning: The key you tried to use '/graph drawing/level di
stance' requires LuaTeX. It will be ignored. on input line 2794.


Package tikz-feynman Warning: The key you tried to use '/graph drawing/sibling 
distance' requires LuaTeX. It will be ignored. on input line 2794.


Package tikz-feynman Warning: The key you tried to use '/graph drawing/node dis
tance' requires LuaTeX. It will be ignored. on input line 2794.


Package tikz-feynman Warning: The key you tried to use '/graph drawing/level di
stance' requires LuaTeX. It will be ignored. on input line 2794.


Package tikz-feynman Warning: The key you tried to use '/graph drawing/sibling 
distance' requires LuaTeX. It will be ignored. on input line 2794.

Package acronym Info: Label `acro:PR' newly defined as it shall be overridden
although it is yet undefined on input line 2809.
[29]
Package acronym Info: Label `acro:FR' newly defined as it shall be overridden
although it is yet undefined on input line 2811.


Package tikz-feynman Warning: The key you tried to use '/graph drawing/node dis
tance' requires LuaTeX. It will be ignored. on input line 2834.


Package tikz-feynman Warning: The key you tried to use '/graph drawing/level di
stance' requires LuaTeX. It will be ignored. on input line 2834.


Package tikz-feynman Warning: The key you tried to use '/graph drawing/sibling 
distance' requires LuaTeX. It will be ignored. on input line 2834.


Package tikz-feynman Warning: The key you tried to use '/graph drawing/node dis
tance' requires LuaTeX. It will be ignored. on input line 2834.


Package tikz-feynman Warning: The key you tried to use '/graph drawing/level di
stance' requires LuaTeX. It will be ignored. on input line 2834.


Package tikz-feynman Warning: The key you tried to use '/graph drawing/sibling 
distance' requires LuaTeX. It will be ignored. on input line 2834.


Package tikz-feynman Warning: The key you tried to use '/graph drawing/node dis
tance' requires LuaTeX. It will be ignored. on input line 2854.


Package tikz-feynman Warning: The key you tried to use '/graph drawing/level di
stance' requires LuaTeX. It will be ignored. on input line 2854.


Package tikz-feynman Warning: The key you tried to use '/graph drawing/sibling 
distance' requires LuaTeX. It will be ignored. on input line 2854.


Package tikz-feynman Warning: The key you tried to use '/graph drawing/node dis
tance' requires LuaTeX. It will be ignored. on input line 2854.


Package tikz-feynman Warning: The key you tried to use '/graph drawing/level di
stance' requires LuaTeX. It will be ignored. on input line 2854.


Package tikz-feynman Warning: The key you tried to use '/graph drawing/sibling 
distance' requires LuaTeX. It will be ignored. on input line 2854.


Package tikz-feynman Warning: The key you tried to use '/graph drawing/node dis
tance' requires LuaTeX. It will be ignored. on input line 2876.


Package tikz-feynman Warning: The key you tried to use '/graph drawing/level di
stance' requires LuaTeX. It will be ignored. on input line 2876.


Package tikz-feynman Warning: The key you tried to use '/graph drawing/sibling 
distance' requires LuaTeX. It will be ignored. on input line 2876.


Package tikz-feynman Warning: The key you tried to use '/graph drawing/node dis
tance' requires LuaTeX. It will be ignored. on input line 2876.


Package tikz-feynman Warning: The key you tried to use '/graph drawing/level di
stance' requires LuaTeX. It will be ignored. on input line 2876.


Package tikz-feynman Warning: The key you tried to use '/graph drawing/sibling 
distance' requires LuaTeX. It will be ignored. on input line 2876.

<figs/FakesJet.png, id=1154, 2627.8175pt x 1041.8925pt>
File: figs/FakesJet.png Graphic file (type png)
<use figs/FakesJet.png>
Package pdftex.def Info: figs/FakesJet.png  used on input line 2906.
(pdftex.def)             Requested size: 227.59178pt x 113.79773pt.
[30]
Package acronym Info: Label `acro:EWK' newly defined as it shall be overridden
although it is yet undefined on input line 2932.
<figs/Ele_FR_pt_combined_2016.png, id=1169, 548.0475pt x 574.145pt>
File: figs/Ele_FR_pt_combined_2016.png Graphic file (type png)
<use figs/Ele_FR_pt_combined_2016.png>
Package pdftex.def Info: figs/Ele_FR_pt_combined_2016.png  used on input line 2
946.
(pdftex.def)             Requested size: 199.17015pt x 199.16656pt.
<figs/Muon_FR_pt_combined_2016.png, id=1170, 548.0475pt x 574.145pt>
File: figs/Muon_FR_pt_combined_2016.png Graphic file (type png)
<use figs/Muon_FR_pt_combined_2016.png>
Package pdftex.def Info: figs/Muon_FR_pt_combined_2016.png  used on input line 
2946.
(pdftex.def)             Requested size: 199.17015pt x 199.16656pt.
<figs/Ele_FR_pt_combined_2017.png, id=1171, 548.0475pt x 574.145pt>
File: figs/Ele_FR_pt_combined_2017.png Graphic file (type png)
<use figs/Ele_FR_pt_combined_2017.png>
Package pdftex.def Info: figs/Ele_FR_pt_combined_2017.png  used on input line 2
955.
(pdftex.def)             Requested size: 199.17015pt x 199.16656pt.
<figs/Muon_FR_pt_combined_2017.png, id=1172, 548.0475pt x 574.145pt>
File: figs/Muon_FR_pt_combined_2017.png Graphic file (type png)
<use figs/Muon_FR_pt_combined_2017.png>
Package pdftex.def Info: figs/Muon_FR_pt_combined_2017.png  used on input line 
2955.
(pdftex.def)             Requested size: 199.17015pt x 199.16656pt.
<figs/Ele_FR_pt_combined_2018.png, id=1173, 548.0475pt x 574.145pt>
File: figs/Ele_FR_pt_combined_2018.png Graphic file (type png)
<use figs/Ele_FR_pt_combined_2018.png>
Package pdftex.def Info: figs/Ele_FR_pt_combined_2018.png  used on input line 2
964.
(pdftex.def)             Requested size: 199.17015pt x 199.16656pt.
<figs/Muon_FR_pt_combined_2018.png, id=1174, 548.0475pt x 574.145pt>
File: figs/Muon_FR_pt_combined_2018.png Graphic file (type png)
<use figs/Muon_FR_pt_combined_2018.png>
Package pdftex.def Info: figs/Muon_FR_pt_combined_2018.png  used on input line 
2964.
(pdftex.def)             Requested size: 199.17015pt x 199.16656pt.
<figs/Ele_PR_pt_2016.png, id=1183, 548.0475pt x 574.145pt>
File: figs/Ele_PR_pt_2016.png Graphic file (type png)
<use figs/Ele_PR_pt_2016.png>
Package pdftex.def Info: figs/Ele_PR_pt_2016.png  used on input line 2987.
(pdftex.def)             Requested size: 199.17015pt x 199.16656pt.
<figs/Muon_PR_pt_2016.png, id=1184, 548.0475pt x 574.145pt>
File: figs/Muon_PR_pt_2016.png Graphic file (type png)
<use figs/Muon_PR_pt_2016.png>
Package pdftex.def Info: figs/Muon_PR_pt_2016.png  used on input line 2987.
(pdftex.def)             Requested size: 199.17015pt x 199.16656pt.
<figs/Ele_PR_pt_2017.png, id=1185, 548.0475pt x 574.145pt>
File: figs/Ele_PR_pt_2017.png Graphic file (type png)
<use figs/Ele_PR_pt_2017.png>
Package pdftex.def Info: figs/Ele_PR_pt_2017.png  used on input line 2996.
(pdftex.def)             Requested size: 199.17015pt x 199.16656pt.
<figs/Muon_PR_pt_2017.png, id=1186, 548.0475pt x 574.145pt>
File: figs/Muon_PR_pt_2017.png Graphic file (type png)
<use figs/Muon_PR_pt_2017.png>
Package pdftex.def Info: figs/Muon_PR_pt_2017.png  used on input line 2996.
(pdftex.def)             Requested size: 199.17015pt x 199.16656pt.
<figs/Ele_PR_pt_2018.png, id=1187, 548.0475pt x 574.145pt>
File: figs/Ele_PR_pt_2018.png Graphic file (type png)
<use figs/Ele_PR_pt_2018.png>
Package pdftex.def Info: figs/Ele_PR_pt_2018.png  used on input line 3005.
(pdftex.def)             Requested size: 199.17015pt x 199.16656pt.
<figs/Muon_PR_pt_2018.png, id=1188, 548.0475pt x 574.145pt>
File: figs/Muon_PR_pt_2018.png Graphic file (type png)
<use figs/Muon_PR_pt_2018.png>
Package pdftex.def Info: figs/Muon_PR_pt_2018.png  used on input line 3005.
(pdftex.def)             Requested size: 199.17015pt x 199.16656pt.


LaTeX Warning: Float too large for page by 9.71661pt on input line 3008.

[31pdfTeX warning (ext4): destination with the same identifier (name{equation.2
.6.2}) has been already used, duplicate ignored

\AtBegShi@Output ...ipout \box \AtBeginShipoutBox 
                                                  \fi \fi 
l.3013 
        <./figs/FakesJet.png>] [32 <./figs/Ele_FR_pt_combined_2016.png> <./figs
/Muon_FR_pt_combined_2016.png> <./figs/Ele_FR_pt_combined_2017.png> <./figs/Muo
n_FR_pt_combined_2017.png> <./figs/Ele_FR_pt_combined_2018.png> <./figs/Muon_FR
_pt_combined_2018.png>] [33 <./figs/Ele_PR_pt_2016.png> <./figs/Muon_PR_pt_2016
.png> <./figs/Ele_PR_pt_2017.png> <./figs/Muon_PR_pt_2017.png> <./figs/Ele_PR_p
t_2018.png> <./figs/Muon_PR_pt_2018.png>]

Package tikz-feynman Warning: The key you tried to use '/graph drawing/node dis
tance' requires LuaTeX. It will be ignored. on input line 3084.


Package tikz-feynman Warning: The key you tried to use '/graph drawing/level di
stance' requires LuaTeX. It will be ignored. on input line 3084.


Package tikz-feynman Warning: The key you tried to use '/graph drawing/sibling 
distance' requires LuaTeX. It will be ignored. on input line 3084.


Package tikz-feynman Warning: The key you tried to use '/graph drawing/node dis
tance' requires LuaTeX. It will be ignored. on input line 3084.


Package tikz-feynman Warning: The key you tried to use '/graph drawing/level di
stance' requires LuaTeX. It will be ignored. on input line 3084.


Package tikz-feynman Warning: The key you tried to use '/graph drawing/sibling 
distance' requires LuaTeX. It will be ignored. on input line 3084.


Package tikz-feynman Warning: The key you tried to use '/graph drawing/node dis
tance' requires LuaTeX. It will be ignored. on input line 3105.


Package tikz-feynman Warning: The key you tried to use '/graph drawing/level di
stance' requires LuaTeX. It will be ignored. on input line 3105.


Package tikz-feynman Warning: The key you tried to use '/graph drawing/sibling 
distance' requires LuaTeX. It will be ignored. on input line 3105.


Package tikz-feynman Warning: The key you tried to use '/graph drawing/node dis
tance' requires LuaTeX. It will be ignored. on input line 3105.


Package tikz-feynman Warning: The key you tried to use '/graph drawing/level di
stance' requires LuaTeX. It will be ignored. on input line 3105.


Package tikz-feynman Warning: The key you tried to use '/graph drawing/sibling 
distance' requires LuaTeX. It will be ignored. on input line 3105.


Package tikz-feynman Warning: The key you tried to use '/graph drawing/node dis
tance' requires LuaTeX. It will be ignored. on input line 3125.


Package tikz-feynman Warning: The key you tried to use '/graph drawing/level di
stance' requires LuaTeX. It will be ignored. on input line 3125.


Package tikz-feynman Warning: The key you tried to use '/graph drawing/sibling 
distance' requires LuaTeX. It will be ignored. on input line 3125.


Package tikz-feynman Warning: The key you tried to use '/graph drawing/node dis
tance' requires LuaTeX. It will be ignored. on input line 3125.


Package tikz-feynman Warning: The key you tried to use '/graph drawing/level di
stance' requires LuaTeX. It will be ignored. on input line 3125.


Package tikz-feynman Warning: The key you tried to use '/graph drawing/sibling 
distance' requires LuaTeX. It will be ignored. on input line 3125.

[34]
Package acronym Info: Label `acro:L1' newly defined as it shall be overridden
although it is yet undefined on input line 3139.
<figs/Prefiring.png, id=1245, 2334.7225pt x 1120.185pt>
File: figs/Prefiring.png Graphic file (type png)
<use figs/Prefiring.png>
Package pdftex.def Info: figs/Prefiring.png  used on input line 3145.
(pdftex.def)             Requested size: 398.32257pt x 199.16325pt.
 [35] [36 <./figs/Prefiring.png>]
Chapter 3.

LaTeX Warning: Reference `subsection:Trigger' on page 37 undefined on input lin
e 3201.

Package acronym Info: Label `acro:HLT' newly defined as it shall be overridden
although it is yet undefined on input line 3208.
[37

]
<figs/TriggEffEle.png, id=1292, 1059.96pt x 887.315pt>
File: figs/TriggEffEle.png Graphic file (type png)
<use figs/TriggEffEle.png>
Package pdftex.def Info: figs/TriggEffEle.png  used on input line 3296.
(pdftex.def)             Requested size: 170.71304pt x 156.48744pt.
<figs/TriggEffEta.png, id=1293, 1076.02pt x 893.3375pt>
File: figs/TriggEffEta.png Graphic file (type png)
<use figs/TriggEffEta.png>
Package pdftex.def Info: figs/TriggEffEta.png  used on input line 3299.
(pdftex.def)             Requested size: 170.70544pt x 156.48634pt.
 [38] [39 <./figs/TriggEffEle.png> <./figs/TriggEffEta.png>]
Package acronym Info: Label `acro:RMS' newly defined as it shall be overridden
although it is yet undefined on input line 3316.
Package acronym Info: Label `acro:BDT' newly defined as it shall be overridden
although it is yet undefined on input line 3337.
<figs/EleEff.png, id=1335, 2394.9475pt x 1114.1625pt>
File: figs/EleEff.png Graphic file (type png)
<use figs/EleEff.png>
Package pdftex.def Info: figs/EleEff.png  used on input line 3400.
(pdftex.def)             Requested size: 398.32861pt x 184.93393pt.

Underfull \hbox (badness 2277) in paragraph at lines 3401--3401
[]\OT1/cmr/m/n/10 Figure 3.2: |Tight elec-tron ef-fi-cien-cies for this anal-y-
sis, based on the Egamma [][]
 []

[40] [41]
<figs/MuonEff2016.png, id=1365, 1660.2025pt x 355.3275pt>
File: figs/MuonEff2016.png Graphic file (type png)
<use figs/MuonEff2016.png>
Package pdftex.def Info: figs/MuonEff2016.png  used on input line 3440.
(pdftex.def)             Requested size: 398.33008pt x 113.81012pt.
<figs/MuonEff2017.png, id=1366, 1597.97pt x 361.35pt>
File: figs/MuonEff2017.png Graphic file (type png)
<use figs/MuonEff2017.png>
Package pdftex.def Info: figs/MuonEff2017.png  used on input line 3444.
(pdftex.def)             Requested size: 398.34552pt x 113.80931pt.
<figs/MuonEff2018.png, id=1367, 1614.03pt x 361.35pt>
File: figs/MuonEff2018.png Graphic file (type png)
<use figs/MuonEff2018.png>
Package pdftex.def Info: figs/MuonEff2018.png  used on input line 3448.
(pdftex.def)             Requested size: 398.33461pt x 110.96422pt.
 [42 <./figs/EleEff.png>]

Package hyperref Warning: Token not allowed in a PDF string (PDFDocEncoding):
(hyperref)                removing `math shift' on input line 3541.


Package hyperref Warning: Token not allowed in a PDF string (PDFDocEncoding):
(hyperref)                removing `math shift' on input line 3541.

File: figs/placeholder.png Graphic file (type png)
<use figs/placeholder.png>
Package pdftex.def Info: figs/placeholder.png  used on input line 3555.
(pdftex.def)             Requested size: 199.17502pt x 199.17502pt.
File: figs/placeholder.png Graphic file (type png)
<use figs/placeholder.png>
Package pdftex.def Info: figs/placeholder.png  used on input line 3555.
(pdftex.def)             Requested size: 199.17502pt x 199.17502pt.
File: figs/placeholder.png Graphic file (type png)
<use figs/placeholder.png>
Package pdftex.def Info: figs/placeholder.png  used on input line 3564.
(pdftex.def)             Requested size: 199.17502pt x 199.17502pt.
File: figs/placeholder.png Graphic file (type png)
<use figs/placeholder.png>
Package pdftex.def Info: figs/placeholder.png  used on input line 3564.
(pdftex.def)             Requested size: 199.17502pt x 199.17502pt.
File: figs/placeholder.png Graphic file (type png)
<use figs/placeholder.png>
Package pdftex.def Info: figs/placeholder.png  used on input line 3573.
(pdftex.def)             Requested size: 199.17502pt x 199.17502pt.
File: figs/placeholder.png Graphic file (type png)
<use figs/placeholder.png>
Package pdftex.def Info: figs/placeholder.png  used on input line 3573.
(pdftex.def)             Requested size: 199.17502pt x 199.17502pt.
[43 <./figs/MuonEff2016.png> <./figs/MuonEff2017.png> <./figs/MuonEff2018.png>]

Package hyperref Warning: Token not allowed in a PDF string (PDFDocEncoding):
(hyperref)                removing `math shift' on input line 3580.


Package hyperref Warning: Token not allowed in a PDF string (PDFDocEncoding):
(hyperref)                removing `math shift' on input line 3580.

File: figs/placeholder.png Graphic file (type png)
<use figs/placeholder.png>
Package pdftex.def Info: figs/placeholder.png  used on input line 3594.
(pdftex.def)             Requested size: 199.17502pt x 199.17502pt.
File: figs/placeholder.png Graphic file (type png)
<use figs/placeholder.png>
Package pdftex.def Info: figs/placeholder.png  used on input line 3594.
(pdftex.def)             Requested size: 199.17502pt x 199.17502pt.
File: figs/placeholder.png Graphic file (type png)
<use figs/placeholder.png>
Package pdftex.def Info: figs/placeholder.png  used on input line 3603.
(pdftex.def)             Requested size: 199.17502pt x 199.17502pt.
File: figs/placeholder.png Graphic file (type png)
<use figs/placeholder.png>
Package pdftex.def Info: figs/placeholder.png  used on input line 3603.
(pdftex.def)             Requested size: 199.17502pt x 199.17502pt.
File: figs/placeholder.png Graphic file (type png)
<use figs/placeholder.png>
Package pdftex.def Info: figs/placeholder.png  used on input line 3612.
(pdftex.def)             Requested size: 199.17502pt x 199.17502pt.
File: figs/placeholder.png Graphic file (type png)
<use figs/placeholder.png>
Package pdftex.def Info: figs/placeholder.png  used on input line 3612.
(pdftex.def)             Requested size: 199.17502pt x 199.17502pt.
[44] [45] [46]

LaTeX Warning: Reference `section:wwCR' on page 47 undefined on input line 3623
.


LaTeX Warning: Reference `section:ttVCR' on page 47 undefined on input line 362
3.

File: figs/placeholder.png Graphic file (type png)
<use figs/placeholder.png>
Package pdftex.def Info: figs/placeholder.png  used on input line 3641.
(pdftex.def)             Requested size: 199.17502pt x 199.17502pt.
File: figs/placeholder.png Graphic file (type png)
<use figs/placeholder.png>
Package pdftex.def Info: figs/placeholder.png  used on input line 3641.
(pdftex.def)             Requested size: 199.17502pt x 199.17502pt.
File: figs/placeholder.png Graphic file (type png)
<use figs/placeholder.png>
Package pdftex.def Info: figs/placeholder.png  used on input line 3650.
(pdftex.def)             Requested size: 199.17502pt x 199.17502pt.
File: figs/placeholder.png Graphic file (type png)
<use figs/placeholder.png>
Package pdftex.def Info: figs/placeholder.png  used on input line 3650.
(pdftex.def)             Requested size: 199.17502pt x 199.17502pt.
File: figs/placeholder.png Graphic file (type png)
<use figs/placeholder.png>
Package pdftex.def Info: figs/placeholder.png  used on input line 3659.
(pdftex.def)             Requested size: 199.17502pt x 199.17502pt.
File: figs/placeholder.png Graphic file (type png)
<use figs/placeholder.png>
Package pdftex.def Info: figs/placeholder.png  used on input line 3659.
(pdftex.def)             Requested size: 199.17502pt x 199.17502pt.
File: figs/placeholder.png Graphic file (type png)
<use figs/placeholder.png>
Package pdftex.def Info: figs/placeholder.png  used on input line 3680.
(pdftex.def)             Requested size: 199.17502pt x 199.17502pt.
File: figs/placeholder.png Graphic file (type png)
<use figs/placeholder.png>
Package pdftex.def Info: figs/placeholder.png  used on input line 3680.
(pdftex.def)             Requested size: 199.17502pt x 199.17502pt.
File: figs/placeholder.png Graphic file (type png)
<use figs/placeholder.png>
Package pdftex.def Info: figs/placeholder.png  used on input line 3689.
(pdftex.def)             Requested size: 199.17502pt x 199.17502pt.
File: figs/placeholder.png Graphic file (type png)
<use figs/placeholder.png>
Package pdftex.def Info: figs/placeholder.png  used on input line 3689.
(pdftex.def)             Requested size: 199.17502pt x 199.17502pt.
File: figs/placeholder.png Graphic file (type png)
<use figs/placeholder.png>
Package pdftex.def Info: figs/placeholder.png  used on input line 3698.
(pdftex.def)             Requested size: 199.17502pt x 199.17502pt.
File: figs/placeholder.png Graphic file (type png)
<use figs/placeholder.png>
Package pdftex.def Info: figs/placeholder.png  used on input line 3698.
(pdftex.def)             Requested size: 199.17502pt x 199.17502pt.
<figs/SSemu0j2016.png, id=1491, 1236.62pt x 1238.6275pt>
File: figs/SSemu0j2016.png Graphic file (type png)
<use figs/SSemu0j2016.png>
Package pdftex.def Info: figs/SSemu0j2016.png  used on input line 3773.
(pdftex.def)             Requested size: 199.16522pt x 199.16724pt.
<figs/SSemu1j2016.png, id=1492, 1226.5825pt x 1206.5075pt>
File: figs/SSemu1j2016.png Graphic file (type png)
<use figs/SSemu1j2016.png>
Package pdftex.def Info: figs/SSemu1j2016.png  used on input line 3773.
(pdftex.def)             Requested size: 199.1582pt x 199.1572pt.
<figs/SSemu0j2017.png, id=1493, 1226.5825pt x 1232.605pt>
File: figs/SSemu0j2017.png Graphic file (type png)
<use figs/SSemu0j2017.png>
Package pdftex.def Info: figs/SSemu0j2017.png  used on input line 3782.
(pdftex.def)             Requested size: 199.1582pt x 199.15805pt.
<figs/SSemu1j2017.png, id=1494, 1230.5975pt x 1218.5525pt>
File: figs/SSemu1j2017.png Graphic file (type png)
<use figs/SSemu1j2017.png>
Package pdftex.def Info: figs/SSemu1j2017.png  used on input line 3782.
(pdftex.def)             Requested size: 199.15291pt x 199.15594pt.
<figs/SSemu0j2018.png, id=1495, 1268.74pt x 1210.5225pt>
File: figs/SSemu0j2018.png Graphic file (type png)
<use figs/SSemu0j2018.png>
Package pdftex.def Info: figs/SSemu0j2018.png  used on input line 3791.
(pdftex.def)             Requested size: 199.16939pt x 199.15498pt.
<figs/SSemu1j2018.png, id=1496, 1224.575pt x 1212.53pt>
File: figs/SSemu1j2018.png Graphic file (type png)
<use figs/SSemu1j2018.png>
Package pdftex.def Info: figs/SSemu1j2018.png  used on input line 3791.
(pdftex.def)             Requested size: 199.1686pt x 199.17073pt.
[47] [48] [49] [50 <./figs/SSemu0j2016.png> <./figs/SSemu1j2016.png> <./figs/SS
emu0j2017.png> <./figs/SSemu1j2017.png> <./figs/SSemu0j2018.png> <./figs/SSemu1
j2018.png>]
File: figs/placeholder.png Graphic file (type png)
<use figs/placeholder.png>
Package pdftex.def Info: figs/placeholder.png  used on input line 3813.
(pdftex.def)             Requested size: 199.17502pt x 199.17502pt.
 [51]

LaTeX Warning: Reference `fig:SRdiscMT2' on page 52 undefined on input line 383
4.

File: figs/placeholder.png Graphic file (type png)
<use figs/placeholder.png>
Package pdftex.def Info: figs/placeholder.png  used on input line 3841.
(pdftex.def)             Requested size: 199.17502pt x 199.17502pt.
File: figs/placeholder.png Graphic file (type png)
<use figs/placeholder.png>
Package pdftex.def Info: figs/placeholder.png  used on input line 3844.
(pdftex.def)             Requested size: 199.17502pt x 199.17502pt.
[52]
File: figs/placeholder.png Graphic file (type png)
<use figs/placeholder.png>
Package pdftex.def Info: figs/placeholder.png  used on input line 3861.
(pdftex.def)             Requested size: 199.17502pt x 199.17502pt.
File: figs/placeholder.png Graphic file (type png)
<use figs/placeholder.png>
Package pdftex.def Info: figs/placeholder.png  used on input line 3864.
(pdftex.def)             Requested size: 199.17502pt x 199.17502pt.
File: figs/placeholder.png Graphic file (type png)
<use figs/placeholder.png>
Package pdftex.def Info: figs/placeholder.png  used on input line 3879.
(pdftex.def)             Requested size: 199.17502pt x 199.17502pt.
File: figs/placeholder.png Graphic file (type png)
<use figs/placeholder.png>
Package pdftex.def Info: figs/placeholder.png  used on input line 3882.
(pdftex.def)             Requested size: 199.17502pt x 199.17502pt.


LaTeX Warning: Reference `fig:SRdisc3' on page 53 undefined on input line 3890.


[53]
<figs/deltaphi_mine.jpg, id=1592, 682.55pt x 652.4375pt>
File: figs/deltaphi_mine.jpg Graphic file (type jpg)
<use figs/deltaphi_mine.jpg>
Package pdftex.def Info: figs/deltaphi_mine.jpg  used on input line 3897.
(pdftex.def)             Requested size: 139.99655pt x 140.00253pt.

Overfull \hbox (11.4204pt too wide) in paragraph at lines 3897--3899
 [][] 
 []

<figs/deltaphi_low_mine.jpg, id=1593, 682.55pt x 652.4375pt>
File: figs/deltaphi_low_mine.jpg Graphic file (type jpg)
<use figs/deltaphi_low_mine.jpg>
Package pdftex.def Info: figs/deltaphi_low_mine.jpg  used on input line 3902.
(pdftex.def)             Requested size: 139.99655pt x 140.00253pt.

Overfull \hbox (11.4204pt too wide) in paragraph at lines 3902--3902
 [][] 
 []

<figs/deltaphi_high_mine.jpg, id=1594, 682.55pt x 652.4375pt>
File: figs/deltaphi_high_mine.jpg Graphic file (type jpg)
<use figs/deltaphi_high_mine.jpg>
Package pdftex.def Info: figs/deltaphi_high_mine.jpg  used on input line 3907.
(pdftex.def)             Requested size: 139.99655pt x 140.00253pt.

Overfull \hbox (11.4204pt too wide) in paragraph at lines 3907--3907
 [][] 
 []


Package caption Warning: The option `hypcap=true' will be ignored for this
(caption)                particular \caption on input line 3910.
See the caption package documentation for explanation.

File: figs/placeholder.png Graphic file (type png)
<use figs/placeholder.png>
Package pdftex.def Info: figs/placeholder.png  used on input line 3919.
(pdftex.def)             Requested size: 199.17502pt x 199.17502pt.
File: figs/placeholder.png Graphic file (type png)
<use figs/placeholder.png>
Package pdftex.def Info: figs/placeholder.png  used on input line 3922.
(pdftex.def)             Requested size: 199.17502pt x 199.17502pt.
[54 <./figs/deltaphi_mine.jpg> <./figs/deltaphi_low_mine.jpg> <./figs/deltaphi_
high_mine.jpg>] [55] [56

]
Chapter 4.
[57] [58

]
Chapter 5.
[59] [60

] [61

] [62]
Appendix A.
Package acronym Info: Label `acro:DAS' newly defined as it shall be overridden
although it is yet undefined on input line 3976.

LaTeX Warning: Float too large for page by 26.50441pt on input line 4039.


LaTeX Warning: Reference `table:tDMsignals' on page 63 undefined on input line 
4130.

[63

] [64] [65] [66] [67] [68] [69] [70]
Appendix B.
[71

] [72

] (./thesis_prieels.lof [73] [74]
Overfull \hbox (16.88626pt too wide) in paragraph at lines 50--50
 [][] [][][]\OT1/cmr/m/n/10 Tight elec-tron ef-fi-cien-cies for this anal-y-sis
, based on the Egamma [][] $\OML/cmm/m/it/10 mva[]\OT1/cmr/m/n/10 90\OML/cmm/m/
it/10 p[]Iso\OT1/cmr/m/n/10 2016$ 
 []

)
\tf@lof=\write7
\openout7 = `thesis_prieels.lof'.

 [75] [76

] (./thesis_prieels.lot)
\tf@lot=\write8
\openout8 = `thesis_prieels.lot'.

 [77] [78

] [79] [80] [81] [82] [83] [84]
Underfull \hbox (badness 10000) in paragraph at lines 5077--5078
[][][]\OT1/cmr/m/n/10 W. Tanen-baum, "A ROOT/IO Based Soft-ware Frame-work for 
CMS",
 []

[85]
Package atveryend Info: Empty hook `BeforeClearDocument' on input line 5127.
Package atveryend Info: Empty hook `AfterLastShipout' on input line 5127.
 (./thesis_prieels.aux)
Package atveryend Info: Executing hook `AtVeryEndDocument' on input line 5127.
Package atveryend Info: Executing hook `AtEndAfterFileList' on input line 5127.



Package rerunfilecheck Warning: File `thesis_prieels.out' has changed.
(rerunfilecheck)                Rerun to get outlines right
(rerunfilecheck)                or use package `bookmark'.

Package rerunfilecheck Info: Checksums for `thesis_prieels.out':
(rerunfilecheck)             Before: DAB07B6796AEBF933FE38E9B8D3F6A2F;3663
(rerunfilecheck)             After:  B192685FFABC28071784A9C22BCCBA19;3663.

LaTeX Warning: There were undefined references.


LaTeX Warning: There were multiply-defined labels.

Package atveryend Info: Empty hook `AtVeryVeryEnd' on input line 5127.
 ) 
Here is how much of TeX's memory you used:
 25213 strings out of 494880
 480987 string characters out of 6179601
 672527 words of memory out of 5000000
 27443 multiletter control sequences out of 15000+600000
 21051 words of font info for 72 fonts, out of 8000000 for 9000
 36 hyphenation exceptions out of 8191
 66i,21n,103p,1465b,1771s stack positions out of 5000i,500n,10000p,200000b,80000s
pdfTeX warning (dest): name{table.caption.109} has been referenced but does n
ot exist, replaced by a fixed one

pdfTeX warning (dest): name{section*.107} has been referenced but does not exis
t, replaced by a fixed one

</usr/share/texlive/texmf-dist/fonts/type1/public/amsfonts/cmextra/cmbsy7.pfb><
/usr/share/texlive/texmf-dist/fonts/type1/public/amsfonts/cm/cmbx10.pfb></usr/s
hare/texlive/texmf-dist/fonts/type1/public/amsfonts/cm/cmbx12.pfb></usr/share/t
exlive/texmf-dist/fonts/type1/public/amsfonts/cm/cmbx5.pfb></usr/share/texlive/
texmf-dist/fonts/type1/public/amsfonts/cm/cmcsc10.pfb></usr/share/texlive/texmf
-dist/fonts/type1/public/amsfonts/cm/cmex10.pfb></usr/share/texlive/texmf-dist/
fonts/type1/public/amsfonts/cm/cmmi10.pfb></usr/share/texlive/texmf-dist/fonts/
type1/public/amsfonts/cm/cmmi12.pfb></usr/share/texlive/texmf-dist/fonts/type1/
public/amsfonts/cm/cmmi5.pfb></usr/share/texlive/texmf-dist/fonts/type1/public/
amsfonts/cm/cmmi7.pfb></usr/share/texlive/texmf-dist/fonts/type1/public/amsfont
s/cm/cmmi8.pfb></usr/share/texlive/texmf-dist/fonts/type1/public/amsfonts/cm/cm
mib10.pfb></usr/share/texlive/texmf-dist/fonts/type1/public/amsfonts/cmextra/cm
mib5.pfb></usr/share/texlive/texmf-dist/fonts/type1/public/amsfonts/cmextra/cmm
ib7.pfb></usr/share/texlive/texmf-dist/fonts/type1/public/amsfonts/cm/cmr10.pfb
></usr/share/texlive/texmf-dist/fonts/type1/public/amsfonts/cm/cmr12.pfb></usr/
share/texlive/texmf-dist/fonts/type1/public/amsfonts/cm/cmr17.pfb></usr/share/t
exlive/texmf-dist/fonts/type1/public/amsfonts/cm/cmr5.pfb></usr/share/texlive/t
exmf-dist/fonts/type1/public/amsfonts/cm/cmr7.pfb></usr/share/texlive/texmf-dis
t/fonts/type1/public/amsfonts/cm/cmr8.pfb></usr/share/texlive/texmf-dist/fonts/
type1/public/amsfonts/cm/cmsy10.pfb></usr/share/texlive/texmf-dist/fonts/type1/
public/amsfonts/cm/cmsy5.pfb></usr/share/texlive/texmf-dist/fonts/type1/public/
amsfonts/cm/cmsy7.pfb></usr/share/texlive/texmf-dist/fonts/type1/public/amsfont
s/cm/cmti10.pfb></usr/share/texlive/texmf-dist/fonts/type1/public/amsfonts/latx
font/line10.pfb>
Output written on thesis_prieels.pdf (100 pages, 8341918 bytes).
PDF statistics:
 2509 PDF objects out of 2984 (max. 8388607)
 2200 compressed objects within 22 object streams
 549 named destinations out of 1000 (max. 500000)
 760 words of extra memory for PDF output out of 10000 (max. 10000000)

